#
# There is insufficient memory for the Java Runtime Environment to continue.
# Native memory allocation (mmap) failed to map 285212672 bytes for committing reserved memory.
# Possible reasons:
#   The system is out of physical RAM or swap space
#   The process is running with CompressedOops enabled, and the Java Heap may be blocking the growth of the native heap
# Possible solutions:
#   Reduce memory load on the system
#   Increase physical memory or swap space
#   Check if swap backing store is full
#   Decrease Java heap size (-Xmx/-Xms)
#   Decrease number of Java threads
#   Decrease Java thread stack sizes (-Xss)
#   Set larger code cache with -XX:ReservedCodeCacheSize=
#   JVM is running with Unscaled Compressed Oops mode in which the Java heap is
#     placed in the first 4GB address space. The Java Heap base address is the
#     maximum limit for the native heap growth. Please use -XX:HeapBaseMinAddress
#     to set the Java Heap base and to place the Java Heap above 4GB virtual address.
# This output file may be truncated or incomplete.
#
#  Out of Memory Error (os_linux.cpp:2893), pid=11993, tid=12005
#
# JRE version: OpenJDK Runtime Environment (11.0.4+11) (build 11.0.4+11-post-Ubuntu-1ubuntu218.04.3)
# Java VM: OpenJDK 64-Bit Server VM (11.0.4+11-post-Ubuntu-1ubuntu218.04.3, mixed mode, sharing, tiered, compressed oops, g1 gc, linux-amd64)
# No core dump will be written. Core dumps have been disabled. To enable core dumping, try "ulimit -c unlimited" before starting Java again
#

---------------  S U M M A R Y ------------

Command Line: --add-modules=ALL-SYSTEM --add-opens=java.base/java.util=ALL-UNNAMED --add-opens=java.base/java.lang=ALL-UNNAMED -Declipse.application=org.eclipse.jdt.ls.core.id1 -Dosgi.bundles.defaultStartLevel=4 -Declipse.product=org.eclipse.jdt.ls.core.product -Dfile.encoding=utf8 -Xverify:none -Xmx1G -XX:+UseG1GC -XX:+UseStringDeduplication /home/daichi/.vscode/extensions/redhat.java-0.52.0/server/plugins/org.eclipse.equinox.launcher_1.5.600.v20191014-2022.jar -configuration /home/daichi/.vscode/extensions/redhat.java-0.52.0/server/config_linux -data /home/daichi/.config/Code/User/workspaceStorage/4321f7b2ab92da216b134acaf4683de8/redhat.java/jdt_ws

Host: Intel(R) Core(TM) m3-7Y30 CPU @ 1.00GHz, 4 cores, 3G, Zorin OS 15
Time: Sun Oct 27 18:41:08 2019 PDT elapsed time: 281 seconds (0d 0h 4m 41s)

---------------  T H R E A D  ---------------

Current thread (0x00007f8afc123000):  VMThread "VM Thread" [stack: 0x00007f8adcd71000,0x00007f8adce71000] [id=12005]

Stack: [0x00007f8adcd71000,0x00007f8adce71000],  sp=0x00007f8adce6eff0,  free space=1015k
Native frames: (J=compiled Java code, A=aot compiled Java code, j=interpreted, Vv=VM code, C=native code)
V  [libjvm.so+0xde4547]
V  [libjvm.so+0xde519b]
V  [libjvm.so+0x6511a5]
V  [libjvm.so+0xbbed38]
V  [libjvm.so+0xbb5ebd]
V  [libjvm.so+0x76f53f]
V  [libjvm.so+0x76f7ae]
V  [libjvm.so+0x77b820]
V  [libjvm.so+0x7f6969]
V  [libjvm.so+0x7f75c2]
V  [libjvm.so+0x7f7a29]
V  [libjvm.so+0x72de6f]
V  [libjvm.so+0x732b6a]
V  [libjvm.so+0xdf01e1]
V  [libjvm.so+0xdeeda8]
V  [libjvm.so+0xdec5e6]
V  [libjvm.so+0xdecaf0]
V  [libjvm.so+0xdecf23]
V  [libjvm.so+0xd7aeea]
V  [libjvm.so+0xbc4a5e]

VM_Operation (0x00007f8ad43eeac0): G1CollectForAllocation, mode: safepoint, requested by thread 0x00007f8a8436e000


---------------  P R O C E S S  ---------------

Threads class SMR info:
_java_thread_list=0x00007f8afc531f10, length=21, elements={
0x00007f8afc012800, 0x00007f8afc126000, 0x00007f8afc128000, 0x00007f8afc12d800,
0x00007f8afc12f800, 0x00007f8afc132000, 0x00007f8afc134000, 0x00007f8afc149800,
0x00007f8afc194000, 0x00007f8afc3a5000, 0x00007f8afc3ec000, 0x00007f8afc3f1800,
0x00007f8a840f7800, 0x00007f8a841ca800, 0x00007f8a8436e000, 0x00007f8a80001800,
0x00007f8afc33c000, 0x00007f8a7c048800, 0x00007f8a7c08e800, 0x00007f8a60003800,
0x00007f8afc52f000
}

Java Threads: ( => current thread )
  0x00007f8afc012800 JavaThread "main" [_thread_blocked, id=11995, stack(0x00007f8b0413e000,0x00007f8b0423f000)]
  0x00007f8afc126000 JavaThread "Reference Handler" daemon [_thread_blocked, id=12006, stack(0x00007f8adcc6e000,0x00007f8adcd6f000)]
  0x00007f8afc128000 JavaThread "Finalizer" daemon [_thread_blocked, id=12014, stack(0x00007f8adcb6d000,0x00007f8adcc6e000)]
  0x00007f8afc12d800 JavaThread "Signal Dispatcher" daemon [_thread_blocked, id=12016, stack(0x00007f8adca6c000,0x00007f8adcb6d000)]
  0x00007f8afc12f800 JavaThread "C2 CompilerThread0" daemon [_thread_blocked, id=12019, stack(0x00007f8adc96b000,0x00007f8adca6c000)]
  0x00007f8afc132000 JavaThread "C1 CompilerThread0" daemon [_thread_blocked, id=12021, stack(0x00007f8adc86a000,0x00007f8adc96b000)]
  0x00007f8afc134000 JavaThread "Sweeper thread" daemon [_thread_blocked, id=12024, stack(0x00007f8adc769000,0x00007f8adc86a000)]
  0x00007f8afc149800 JavaThread "Common-Cleaner" daemon [_thread_blocked, id=12028, stack(0x00007f8adc668000,0x00007f8adc769000)]
  0x00007f8afc194000 JavaThread "Service Thread" daemon [_thread_blocked, id=12035, stack(0x00007f8adc567000,0x00007f8adc668000)]
  0x00007f8afc3a5000 JavaThread "Active Thread: Equinox Container: ec9a9b4a-3110-4e29-9555-a77dec7539cc" [_thread_blocked, id=12112, stack(0x00007f8ad4f07000,0x00007f8ad5008000)]
  0x00007f8afc3ec000 JavaThread "Framework Event Dispatcher: Equinox Container: ec9a9b4a-3110-4e29-9555-a77dec7539cc" daemon [_thread_blocked, id=12120, stack(0x00007f8ad4e06000,0x00007f8ad4f07000)]
  0x00007f8afc3f1800 JavaThread "Start Level: Equinox Container: ec9a9b4a-3110-4e29-9555-a77dec7539cc" daemon [_thread_blocked, id=12121, stack(0x00007f8ad4d05000,0x00007f8ad4e06000)]
  0x00007f8a840f7800 JavaThread "Worker-JM" [_thread_blocked, id=12131, stack(0x00007f8ad49f3000,0x00007f8ad4af4000)]
  0x00007f8a841ca800 JavaThread "Worker-0" [_thread_blocked, id=12144, stack(0x00007f8ad46f2000,0x00007f8ad47f3000)]
  0x00007f8a8436e000 JavaThread "Java indexing" daemon [_thread_blocked, id=12148, stack(0x00007f8ad42f0000,0x00007f8ad43f1000)]
  0x00007f8a80001800 JavaThread "Worker-2: Java indexing... " [_thread_blocked, id=12205, stack(0x00007f8a7b3f9000,0x00007f8a7b4fa000)]
  0x00007f8afc33c000 JavaThread "pool-2-thread-1" [_thread_blocked, id=12235, stack(0x00007f8a7aef8000,0x00007f8a7aff9000)]
  0x00007f8a7c048800 JavaThread "Worker-3" [_thread_blocked, id=12243, stack(0x00007f8a7a8f6000,0x00007f8a7a9f7000)]
  0x00007f8a7c08e800 JavaThread "Bundle File Closer" daemon [_thread_blocked, id=12266, stack(0x00007f8a7949f000,0x00007f8a795a0000)]
  0x00007f8a60003800 JavaThread "process reaper" daemon [_thread_blocked, id=12296, stack(0x00007f8b0409e000,0x00007f8b040c0000)]
  0x00007f8afc52f000 JavaThread "Framework stop" [_thread_blocked, id=12302, stack(0x00007f8a797a0000,0x00007f8a798a1000)]

Other Threads:
=>0x00007f8afc123000 VMThread "VM Thread" [stack: 0x00007f8adcd71000,0x00007f8adce71000] [id=12005]
  0x00007f8afc19e800 WatcherThread [stack: 0x00007f8adc467000,0x00007f8adc567000] [id=12036]
  0x00007f8afc029000 GCTaskThread "GC Thread#0" [stack: 0x00007f8b00158000,0x00007f8b00258000] [id=11998]
  0x00007f8abc001000 GCTaskThread "GC Thread#1" [stack: 0x00007f8ad500a000,0x00007f8ad510a000] [id=12102]
  0x00007f8abc007800 GCTaskThread "GC Thread#2" [stack: 0x00007f8a7bf00000,0x00007f8a7c000000] [id=12149]
  0x00007f8abc009000 GCTaskThread "GC Thread#3" [stack: 0x00007f8a7bdfe000,0x00007f8a7befe000] [id=12150]
  0x00007f8afc044800 ConcurrentGCThread "G1 Main Marker" [stack: 0x00007f8addf00000,0x00007f8ade000000] [id=11999]
  0x00007f8afc046800 ConcurrentGCThread "G1 Conc#0" [stack: 0x00007f8adddfe000,0x00007f8addefe000] [id=12000]
  0x00007f8afc08a000 ConcurrentGCThread "G1 Refine#0" [stack: 0x00007f8add8f8000,0x00007f8add9f8000] [id=12001]
  0x00007f8acc001000 ConcurrentGCThread "G1 Refine#1" [stack: 0x00007f8a7bcfc000,0x00007f8a7bdfc000] [id=12151]
  0x00007f8a6c005000 ConcurrentGCThread "G1 Refine#2" [stack: 0x00007f8a7919f000,0x00007f8a7929f000] [id=12289]
  0x00007f8afc08c000 ConcurrentGCThread "G1 Young RemSet Sampling" [stack: 0x00007f8add7f6000,0x00007f8add8f6000] [id=12002]
  0x00007f8afc093000 ConcurrentGCThread "StrDedup" [stack: 0x00007f8add6f4000,0x00007f8add7f4000] [id=12003]

Threads with active compile tasks:
C2 CompilerThread05278   !   4       org.eclipse.jdt.internal.compiler.classfmt.ClassFileReader::<init> (1936 bytes)
C1 CompilerThread05298       2       org.eclipse.jdt.internal.core.search.indexing.AbstractIndexer::addModuleReference (12 bytes)

VM state:at safepoint (normal execution)

VM Mutex/Monitor currently owned by a thread:  ([mutex/lock_event])
[0x00007f8afc00ecc0] Threads_lock - owner thread: 0x00007f8afc123000
[0x00007f8afc00f410] Heap_lock - owner thread: 0x00007f8a8436e000

Heap address: 0x00000000c0000000, size: 1024 MB, Compressed Oops mode: 32-bit
Narrow klass base: 0x0000000800000000, Narrow klass shift: 3
Compressed class space size: 1073741824 Address: 0x0000000840000000

Heap:
 garbage-first heap   total 631808K, used 127089K [0x00000000c0000000, 0x0000000100000000)
  region size 1024K, 3 young (3072K), 3 survivors (3072K)
 Metaspace       used 41759K, capacity 44169K, committed 44544K, reserved 1089536K
  class space    used 4380K, capacity 5287K, committed 5376K, reserved 1048576K
Heap Regions: E=young(eden), S=young(survivor), O=old, HS=humongous(starts), HC=humongous(continues), CS=collection set, F=free, A=archive, TAMS=top-at-mark-start (previous, next)
|   0|0x00000000c0000000, 0x00000000c0100000, 0x00000000c0100000|100%| O|  |TAMS 0x00000000c0100000, 0x00000000c0000000| Untracked 
|   1|0x00000000c0100000, 0x00000000c0200000, 0x00000000c0200000|100%| O|  |TAMS 0x00000000c0200000, 0x00000000c0100000| Untracked 
|   2|0x00000000c0200000, 0x00000000c0300000, 0x00000000c0300000|100%| O|  |TAMS 0x00000000c0300000, 0x00000000c0200000| Untracked 
|   3|0x00000000c0300000, 0x00000000c0400000, 0x00000000c0400000|100%| O|  |TAMS 0x00000000c0400000, 0x00000000c0300000| Untracked 
|   4|0x00000000c0400000, 0x00000000c0500000, 0x00000000c0500000|100%| O|  |TAMS 0x00000000c0500000, 0x00000000c0400000| Untracked 
|   5|0x00000000c0500000, 0x00000000c0600000, 0x00000000c0600000|100%| O|  |TAMS 0x00000000c0600000, 0x00000000c0500000| Untracked 
|   6|0x00000000c0600000, 0x00000000c0700000, 0x00000000c0700000|100%| O|  |TAMS 0x00000000c0700000, 0x00000000c0600000| Untracked 
|   7|0x00000000c0700000, 0x00000000c0800000, 0x00000000c0800000|100%| O|  |TAMS 0x00000000c0800000, 0x00000000c0700000| Untracked 
|   8|0x00000000c0800000, 0x00000000c0900000, 0x00000000c0900000|100%| O|  |TAMS 0x00000000c0900000, 0x00000000c0800000| Untracked 
|   9|0x00000000c0900000, 0x00000000c0a00000, 0x00000000c0a00000|100%| O|  |TAMS 0x00000000c0a00000, 0x00000000c0900000| Untracked 
|  10|0x00000000c0a00000, 0x00000000c0b00000, 0x00000000c0b00000|100%| O|  |TAMS 0x00000000c0b00000, 0x00000000c0a00000| Untracked 
|  11|0x00000000c0b00000, 0x00000000c0c00000, 0x00000000c0c00000|100%| O|  |TAMS 0x00000000c0c00000, 0x00000000c0b00000| Untracked 
|  12|0x00000000c0c00000, 0x00000000c0d00000, 0x00000000c0d00000|100%| O|  |TAMS 0x00000000c0d00000, 0x00000000c0c00000| Untracked 
|  13|0x00000000c0d00000, 0x00000000c0e00000, 0x00000000c0e00000|100%| O|  |TAMS 0x00000000c0e00000, 0x00000000c0d00000| Untracked 
|  14|0x00000000c0e00000, 0x00000000c0f00000, 0x00000000c0f00000|100%| O|  |TAMS 0x00000000c0f00000, 0x00000000c0e00000| Untracked 
|  15|0x00000000c0f00000, 0x00000000c1000000, 0x00000000c1000000|100%| O|  |TAMS 0x00000000c1000000, 0x00000000c0f00000| Untracked 
|  16|0x00000000c1000000, 0x00000000c1100000, 0x00000000c1100000|100%| O|  |TAMS 0x00000000c1100000, 0x00000000c1000000| Untracked 
|  17|0x00000000c1100000, 0x00000000c1200000, 0x00000000c1200000|100%| O|  |TAMS 0x00000000c1200000, 0x00000000c1100000| Untracked 
|  18|0x00000000c1200000, 0x00000000c1300000, 0x00000000c1300000|100%| O|  |TAMS 0x00000000c1300000, 0x00000000c1200000| Untracked 
|  19|0x00000000c1300000, 0x00000000c1400000, 0x00000000c1400000|100%| O|  |TAMS 0x00000000c1400000, 0x00000000c1300000| Untracked 
|  20|0x00000000c1400000, 0x00000000c1500000, 0x00000000c1500000|100%| O|  |TAMS 0x00000000c1500000, 0x00000000c1400000| Untracked 
|  21|0x00000000c1500000, 0x00000000c1600000, 0x00000000c1600000|100%| O|  |TAMS 0x00000000c1600000, 0x00000000c1500000| Untracked 
|  22|0x00000000c1600000, 0x00000000c1700000, 0x00000000c1700000|100%|HS|  |TAMS 0x00000000c1700000, 0x00000000c1600000| Complete 
|  23|0x00000000c1700000, 0x00000000c1800000, 0x00000000c1800000|100%| O|  |TAMS 0x00000000c1800000, 0x00000000c1700000| Untracked 
|  24|0x00000000c1800000, 0x00000000c1900000, 0x00000000c1900000|100%| O|  |TAMS 0x00000000c1900000, 0x00000000c1800000| Untracked 
|  25|0x00000000c1900000, 0x00000000c1a00000, 0x00000000c1a00000|100%| O|  |TAMS 0x00000000c1a00000, 0x00000000c1900000| Untracked 
|  26|0x00000000c1a00000, 0x00000000c1b00000, 0x00000000c1b00000|100%| O|  |TAMS 0x00000000c1b00000, 0x00000000c1a00000| Untracked 
|  27|0x00000000c1b00000, 0x00000000c1c00000, 0x00000000c1c00000|100%| O|  |TAMS 0x00000000c1c00000, 0x00000000c1b00000| Untracked 
|  28|0x00000000c1c00000, 0x00000000c1d00000, 0x00000000c1d00000|100%| O|  |TAMS 0x00000000c1d00000, 0x00000000c1c00000| Untracked 
|  29|0x00000000c1d00000, 0x00000000c1e00000, 0x00000000c1e00000|100%| O|  |TAMS 0x00000000c1e00000, 0x00000000c1d00000| Untracked 
|  30|0x00000000c1e00000, 0x00000000c1f00000, 0x00000000c1f00000|100%| O|  |TAMS 0x00000000c1f00000, 0x00000000c1e00000| Untracked 
|  31|0x00000000c1f00000, 0x00000000c2000000, 0x00000000c2000000|100%| O|  |TAMS 0x00000000c2000000, 0x00000000c1f00000| Untracked 
|  32|0x00000000c2000000, 0x00000000c2100000, 0x00000000c2100000|100%| O|  |TAMS 0x00000000c2100000, 0x00000000c2000000| Untracked 
|  33|0x00000000c2100000, 0x00000000c2200000, 0x00000000c2200000|100%| O|  |TAMS 0x00000000c2200000, 0x00000000c2100000| Untracked 
|  34|0x00000000c2200000, 0x00000000c2300000, 0x00000000c2300000|100%| O|  |TAMS 0x00000000c2300000, 0x00000000c2200000| Untracked 
|  35|0x00000000c2300000, 0x00000000c2400000, 0x00000000c2400000|100%| O|  |TAMS 0x00000000c2400000, 0x00000000c2300000| Untracked 
|  36|0x00000000c2400000, 0x00000000c2500000, 0x00000000c2500000|100%| O|  |TAMS 0x00000000c2500000, 0x00000000c2400000| Untracked 
|  37|0x00000000c2500000, 0x00000000c2600000, 0x00000000c2600000|100%| O|  |TAMS 0x00000000c2600000, 0x00000000c2500000| Untracked 
|  38|0x00000000c2600000, 0x00000000c2700000, 0x00000000c2700000|100%| O|  |TAMS 0x00000000c2700000, 0x00000000c2600000| Untracked 
|  39|0x00000000c2700000, 0x00000000c2800000, 0x00000000c2800000|100%| O|  |TAMS 0x00000000c2800000, 0x00000000c2700000| Untracked 
|  40|0x00000000c2800000, 0x00000000c2900000, 0x00000000c2900000|100%| O|  |TAMS 0x00000000c2900000, 0x00000000c2800000| Untracked 
|  41|0x00000000c2900000, 0x00000000c2a00000, 0x00000000c2a00000|100%| O|  |TAMS 0x00000000c2a00000, 0x00000000c2900000| Untracked 
|  42|0x00000000c2a00000, 0x00000000c2b00000, 0x00000000c2b00000|100%| O|  |TAMS 0x00000000c2b00000, 0x00000000c2a00000| Untracked 
|  43|0x00000000c2b00000, 0x00000000c2c00000, 0x00000000c2c00000|100%| O|  |TAMS 0x00000000c2c00000, 0x00000000c2b00000| Untracked 
|  44|0x00000000c2c00000, 0x00000000c2d00000, 0x00000000c2d00000|100%| O|  |TAMS 0x00000000c2d00000, 0x00000000c2c00000| Untracked 
|  45|0x00000000c2d00000, 0x00000000c2e00000, 0x00000000c2e00000|100%| O|  |TAMS 0x00000000c2e00000, 0x00000000c2d00000| Untracked 
|  46|0x00000000c2e00000, 0x00000000c2f00000, 0x00000000c2f00000|100%| O|  |TAMS 0x00000000c2f00000, 0x00000000c2e00000| Untracked 
|  47|0x00000000c2f00000, 0x00000000c3000000, 0x00000000c3000000|100%| O|  |TAMS 0x00000000c3000000, 0x00000000c2f00000| Untracked 
|  48|0x00000000c3000000, 0x00000000c3100000, 0x00000000c3100000|100%| O|  |TAMS 0x00000000c3100000, 0x00000000c3000000| Untracked 
|  49|0x00000000c3100000, 0x00000000c3200000, 0x00000000c3200000|100%| O|  |TAMS 0x00000000c3200000, 0x00000000c3100000| Untracked 
|  50|0x00000000c3200000, 0x00000000c3300000, 0x00000000c3300000|100%| O|  |TAMS 0x00000000c326d600, 0x00000000c3200000| Untracked 
|  51|0x00000000c3300000, 0x00000000c3400000, 0x00000000c3400000|100%|HS|  |TAMS 0x00000000c3300000, 0x00000000c3300000| Complete 
|  52|0x00000000c3400000, 0x00000000c3500000, 0x00000000c3500000|100%|HS|  |TAMS 0x00000000c3400000, 0x00000000c3400000| Complete 
|  53|0x00000000c3500000, 0x00000000c3600000, 0x00000000c3600000|100%|HC|  |TAMS 0x00000000c3500000, 0x00000000c3500000| Complete 
|  54|0x00000000c3600000, 0x00000000c3700000, 0x00000000c3700000|100%| O|  |TAMS 0x00000000c3600000, 0x00000000c3600000| Untracked 
|  55|0x00000000c3700000, 0x00000000c3800000, 0x00000000c3800000|100%| O|  |TAMS 0x00000000c3700000, 0x00000000c3700000| Untracked 
|  56|0x00000000c3800000, 0x00000000c3900000, 0x00000000c3900000|100%| O|  |TAMS 0x00000000c3800000, 0x00000000c3800000| Untracked 
|  57|0x00000000c3900000, 0x00000000c3a00000, 0x00000000c3a00000|100%| O|  |TAMS 0x00000000c3900000, 0x00000000c3900000| Untracked 
|  58|0x00000000c3a00000, 0x00000000c3b00000, 0x00000000c3b00000|100%| O|  |TAMS 0x00000000c3a00000, 0x00000000c3a00000| Untracked 
|  59|0x00000000c3b00000, 0x00000000c3c00000, 0x00000000c3c00000|100%| O|  |TAMS 0x00000000c3b00000, 0x00000000c3b00000| Untracked 
|  60|0x00000000c3c00000, 0x00000000c3d00000, 0x00000000c3d00000|100%| O|  |TAMS 0x00000000c3c00000, 0x00000000c3c00000| Untracked 
|  61|0x00000000c3d00000, 0x00000000c3e00000, 0x00000000c3e00000|100%| O|  |TAMS 0x00000000c3d00000, 0x00000000c3d00000| Untracked 
|  62|0x00000000c3e00000, 0x00000000c3f00000, 0x00000000c3f00000|100%| O|  |TAMS 0x00000000c3e00000, 0x00000000c3e00000| Untracked 
|  63|0x00000000c3f00000, 0x00000000c4000000, 0x00000000c4000000|100%| O|  |TAMS 0x00000000c3f00000, 0x00000000c3f00000| Untracked 
|  64|0x00000000c4000000, 0x00000000c4100000, 0x00000000c4100000|100%| O|  |TAMS 0x00000000c4000000, 0x00000000c4000000| Untracked 
|  65|0x00000000c4100000, 0x00000000c4200000, 0x00000000c4200000|100%| O|  |TAMS 0x00000000c4100000, 0x00000000c4100000| Untracked 
|  66|0x00000000c4200000, 0x00000000c4300000, 0x00000000c4300000|100%| O|  |TAMS 0x00000000c4200000, 0x00000000c4200000| Untracked 
|  67|0x00000000c4300000, 0x00000000c4400000, 0x00000000c4400000|100%| O|  |TAMS 0x00000000c4300000, 0x00000000c4300000| Untracked 
|  68|0x00000000c4400000, 0x00000000c4500000, 0x00000000c4500000|100%| O|  |TAMS 0x00000000c4400000, 0x00000000c4400000| Untracked 
|  69|0x00000000c4500000, 0x00000000c4600000, 0x00000000c4600000|100%| O|  |TAMS 0x00000000c4500000, 0x00000000c4500000| Untracked 
|  70|0x00000000c4600000, 0x00000000c4700000, 0x00000000c4700000|100%| O|  |TAMS 0x00000000c4600000, 0x00000000c4600000| Untracked 
|  71|0x00000000c4700000, 0x00000000c4800000, 0x00000000c4800000|100%| O|  |TAMS 0x00000000c4700000, 0x00000000c4700000| Untracked 
|  72|0x00000000c4800000, 0x00000000c4900000, 0x00000000c4900000|100%| O|  |TAMS 0x00000000c4800000, 0x00000000c4800000| Untracked 
|  73|0x00000000c4900000, 0x00000000c4a00000, 0x00000000c4a00000|100%| O|  |TAMS 0x00000000c4900000, 0x00000000c4900000| Untracked 
|  74|0x00000000c4a00000, 0x00000000c4b00000, 0x00000000c4b00000|100%| O|  |TAMS 0x00000000c4a00000, 0x00000000c4a00000| Untracked 
|  75|0x00000000c4b00000, 0x00000000c4c00000, 0x00000000c4c00000|100%| O|  |TAMS 0x00000000c4b00000, 0x00000000c4b00000| Untracked 
|  76|0x00000000c4c00000, 0x00000000c4d00000, 0x00000000c4d00000|100%| O|  |TAMS 0x00000000c4c00000, 0x00000000c4c00000| Untracked 
|  77|0x00000000c4d00000, 0x00000000c4e00000, 0x00000000c4e00000|100%| O|  |TAMS 0x00000000c4d00000, 0x00000000c4d00000| Untracked 
|  78|0x00000000c4e00000, 0x00000000c4f00000, 0x00000000c4f00000|100%| O|  |TAMS 0x00000000c4e00000, 0x00000000c4e00000| Untracked 
|  79|0x00000000c4f00000, 0x00000000c5000000, 0x00000000c5000000|100%| O|  |TAMS 0x00000000c4f00000, 0x00000000c4f00000| Untracked 
|  80|0x00000000c5000000, 0x00000000c5100000, 0x00000000c5100000|100%| O|  |TAMS 0x00000000c5000000, 0x00000000c5000000| Untracked 
|  81|0x00000000c5100000, 0x00000000c5200000, 0x00000000c5200000|100%| O|  |TAMS 0x00000000c5100000, 0x00000000c5100000| Untracked 
|  82|0x00000000c5200000, 0x00000000c5300000, 0x00000000c5300000|100%| O|  |TAMS 0x00000000c5200000, 0x00000000c5200000| Untracked 
|  83|0x00000000c5300000, 0x00000000c5400000, 0x00000000c5400000|100%|HS|  |TAMS 0x00000000c5300000, 0x00000000c5300000| Complete 
|  84|0x00000000c5400000, 0x00000000c5500000, 0x00000000c5500000|100%|HC|  |TAMS 0x00000000c5400000, 0x00000000c5400000| Complete 
|  85|0x00000000c5500000, 0x00000000c5600000, 0x00000000c5600000|100%|HC|  |TAMS 0x00000000c5500000, 0x00000000c5500000| Complete 
|  86|0x00000000c5600000, 0x00000000c5700000, 0x00000000c5700000|100%|HC|  |TAMS 0x00000000c5600000, 0x00000000c5600000| Complete 
|  87|0x00000000c5700000, 0x00000000c5800000, 0x00000000c5800000|100%| O|  |TAMS 0x00000000c5700000, 0x00000000c5700000| Untracked 
|  88|0x00000000c5800000, 0x00000000c5900000, 0x00000000c5900000|100%| O|  |TAMS 0x00000000c5800000, 0x00000000c5800000| Untracked 
|  89|0x00000000c5900000, 0x00000000c5a00000, 0x00000000c5a00000|100%| O|  |TAMS 0x00000000c5900000, 0x00000000c5900000| Untracked 
|  90|0x00000000c5a00000, 0x00000000c5b00000, 0x00000000c5b00000|100%| O|  |TAMS 0x00000000c5a00000, 0x00000000c5a00000| Untracked 
|  91|0x00000000c5b00000, 0x00000000c5c00000, 0x00000000c5c00000|100%| O|  |TAMS 0x00000000c5b00000, 0x00000000c5b00000| Untracked 
|  92|0x00000000c5c00000, 0x00000000c5d00000, 0x00000000c5d00000|100%| O|  |TAMS 0x00000000c5c00000, 0x00000000c5c00000| Untracked 
|  93|0x00000000c5d00000, 0x00000000c5e00000, 0x00000000c5e00000|100%| O|  |TAMS 0x00000000c5d00000, 0x00000000c5d00000| Untracked 
|  94|0x00000000c5e00000, 0x00000000c5f00000, 0x00000000c5f00000|100%| O|  |TAMS 0x00000000c5e00000, 0x00000000c5e00000| Untracked 
|  95|0x00000000c5f00000, 0x00000000c6000000, 0x00000000c6000000|100%| O|  |TAMS 0x00000000c5f00000, 0x00000000c5f00000| Untracked 
|  96|0x00000000c6000000, 0x00000000c6100000, 0x00000000c6100000|100%| O|  |TAMS 0x00000000c6000000, 0x00000000c6000000| Untracked 
|  97|0x00000000c6100000, 0x00000000c6200000, 0x00000000c6200000|100%| O|  |TAMS 0x00000000c6100000, 0x00000000c6100000| Untracked 
|  98|0x00000000c6200000, 0x00000000c6300000, 0x00000000c6300000|100%| O|  |TAMS 0x00000000c6200000, 0x00000000c6200000| Untracked 
|  99|0x00000000c6300000, 0x00000000c6400000, 0x00000000c6400000|100%| O|  |TAMS 0x00000000c6300000, 0x00000000c6300000| Untracked 
| 100|0x00000000c6400000, 0x00000000c6500000, 0x00000000c6500000|100%| O|  |TAMS 0x00000000c6400000, 0x00000000c6400000| Untracked 
| 101|0x00000000c6500000, 0x00000000c6600000, 0x00000000c6600000|100%| O|  |TAMS 0x00000000c6500000, 0x00000000c6500000| Untracked 
| 102|0x00000000c6600000, 0x00000000c6700000, 0x00000000c6700000|100%| O|  |TAMS 0x00000000c6600000, 0x00000000c6600000| Untracked 
| 103|0x00000000c6700000, 0x00000000c6800000, 0x00000000c6800000|100%| O|  |TAMS 0x00000000c6700000, 0x00000000c6700000| Untracked 
| 104|0x00000000c6800000, 0x00000000c6900000, 0x00000000c6900000|100%| O|  |TAMS 0x00000000c6800000, 0x00000000c6800000| Untracked 
| 105|0x00000000c6900000, 0x00000000c6a00000, 0x00000000c6a00000|100%| O|  |TAMS 0x00000000c6900000, 0x00000000c6900000| Untracked 
| 106|0x00000000c6a00000, 0x00000000c6b00000, 0x00000000c6b00000|100%| O|  |TAMS 0x00000000c6a00000, 0x00000000c6a00000| Untracked 
| 107|0x00000000c6b00000, 0x00000000c6c00000, 0x00000000c6c00000|100%| O|  |TAMS 0x00000000c6b00000, 0x00000000c6b00000| Untracked 
| 108|0x00000000c6c00000, 0x00000000c6d00000, 0x00000000c6d00000|100%| O|  |TAMS 0x00000000c6c00000, 0x00000000c6c00000| Untracked 
| 109|0x00000000c6d00000, 0x00000000c6e00000, 0x00000000c6e00000|100%| O|  |TAMS 0x00000000c6d00000, 0x00000000c6d00000| Untracked 
| 110|0x00000000c6e00000, 0x00000000c6f00000, 0x00000000c6f00000|100%| O|  |TAMS 0x00000000c6e00000, 0x00000000c6e00000| Untracked 
| 111|0x00000000c6f00000, 0x00000000c7000000, 0x00000000c7000000|100%| O|  |TAMS 0x00000000c6f00000, 0x00000000c6f00000| Untracked 
| 112|0x00000000c7000000, 0x00000000c7100000, 0x00000000c7100000|100%| O|  |TAMS 0x00000000c7000000, 0x00000000c7000000| Untracked 
| 113|0x00000000c7100000, 0x00000000c7200000, 0x00000000c7200000|100%| O|  |TAMS 0x00000000c7100000, 0x00000000c7100000| Untracked 
| 114|0x00000000c7200000, 0x00000000c7300000, 0x00000000c7300000|100%| O|  |TAMS 0x00000000c7200000, 0x00000000c7200000| Untracked 
| 115|0x00000000c7300000, 0x00000000c7400000, 0x00000000c7400000|100%| O|  |TAMS 0x00000000c7300000, 0x00000000c7300000| Untracked 
| 116|0x00000000c7400000, 0x00000000c7500000, 0x00000000c7500000|100%| O|  |TAMS 0x00000000c7400000, 0x00000000c7400000| Untracked 
| 117|0x00000000c7500000, 0x00000000c7600000, 0x00000000c7600000|100%| O|  |TAMS 0x00000000c7500000, 0x00000000c7500000| Untracked 
| 118|0x00000000c7600000, 0x00000000c7700000, 0x00000000c7700000|100%| O|  |TAMS 0x00000000c7600000, 0x00000000c7600000| Untracked 
| 119|0x00000000c7700000, 0x00000000c7800000, 0x00000000c7800000|100%| O|  |TAMS 0x00000000c7700000, 0x00000000c7700000| Untracked 
| 120|0x00000000c7800000, 0x00000000c78b3800, 0x00000000c7900000| 70%| O|  |TAMS 0x00000000c7800000, 0x00000000c7800000| Untracked 
| 121|0x00000000c7900000, 0x00000000c7900000, 0x00000000c7a00000|  0%| F|  |TAMS 0x00000000c7900000, 0x00000000c7900000| Untracked 
| 122|0x00000000c7a00000, 0x00000000c7a00000, 0x00000000c7b00000|  0%| F|  |TAMS 0x00000000c7a00000, 0x00000000c7a00000| Untracked 
| 123|0x00000000c7b00000, 0x00000000c7b00000, 0x00000000c7c00000|  0%| F|  |TAMS 0x00000000c7b00000, 0x00000000c7b00000| Untracked 
| 124|0x00000000c7c00000, 0x00000000c7c00000, 0x00000000c7d00000|  0%| F|  |TAMS 0x00000000c7c00000, 0x00000000c7c00000| Untracked 
| 125|0x00000000c7d00000, 0x00000000c7d00000, 0x00000000c7e00000|  0%| F|  |TAMS 0x00000000c7d00000, 0x00000000c7d00000| Untracked 
| 126|0x00000000c7e00000, 0x00000000c7e00000, 0x00000000c7f00000|  0%| F|  |TAMS 0x00000000c7e00000, 0x00000000c7e00000| Untracked 
| 127|0x00000000c7f00000, 0x00000000c7f00000, 0x00000000c8000000|  0%| F|  |TAMS 0x00000000c7f00000, 0x00000000c7f00000| Untracked 
| 128|0x00000000c8000000, 0x00000000c8000000, 0x00000000c8100000|  0%| F|  |TAMS 0x00000000c8000000, 0x00000000c8000000| Untracked 
| 129|0x00000000c8100000, 0x00000000c8100000, 0x00000000c8200000|  0%| F|  |TAMS 0x00000000c8100000, 0x00000000c8100000| Untracked 
| 130|0x00000000c8200000, 0x00000000c8200000, 0x00000000c8300000|  0%| F|  |TAMS 0x00000000c8200000, 0x00000000c8200000| Untracked 
| 131|0x00000000c8300000, 0x00000000c8300000, 0x00000000c8400000|  0%| F|  |TAMS 0x00000000c8300000, 0x00000000c8300000| Untracked 
| 132|0x00000000c8400000, 0x00000000c8400000, 0x00000000c8500000|  0%| F|  |TAMS 0x00000000c8400000, 0x00000000c8400000| Untracked 
| 133|0x00000000c8500000, 0x00000000c8500000, 0x00000000c8600000|  0%| F|  |TAMS 0x00000000c8500000, 0x00000000c8500000| Untracked 
| 134|0x00000000c8600000, 0x00000000c8600000, 0x00000000c8700000|  0%| F|  |TAMS 0x00000000c8600000, 0x00000000c8600000| Untracked 
| 135|0x00000000c8700000, 0x00000000c8700000, 0x00000000c8800000|  0%| F|  |TAMS 0x00000000c8700000, 0x00000000c8700000| Untracked 
| 136|0x00000000c8800000, 0x00000000c8800000, 0x00000000c8900000|  0%| F|  |TAMS 0x00000000c8800000, 0x00000000c8800000| Untracked 
| 137|0x00000000c8900000, 0x00000000c8900000, 0x00000000c8a00000|  0%| F|  |TAMS 0x00000000c8900000, 0x00000000c8900000| Untracked 
| 138|0x00000000c8a00000, 0x00000000c8a00000, 0x00000000c8b00000|  0%| F|  |TAMS 0x00000000c8a00000, 0x00000000c8a00000| Untracked 
| 139|0x00000000c8b00000, 0x00000000c8b00000, 0x00000000c8c00000|  0%| F|  |TAMS 0x00000000c8b00000, 0x00000000c8b00000| Untracked 
| 140|0x00000000c8c00000, 0x00000000c8c00000, 0x00000000c8d00000|  0%| F|  |TAMS 0x00000000c8c00000, 0x00000000c8c00000| Untracked 
| 141|0x00000000c8d00000, 0x00000000c8d00000, 0x00000000c8e00000|  0%| F|  |TAMS 0x00000000c8d00000, 0x00000000c8d00000| Untracked 
| 142|0x00000000c8e00000, 0x00000000c8e00000, 0x00000000c8f00000|  0%| F|  |TAMS 0x00000000c8e00000, 0x00000000c8e00000| Untracked 
| 143|0x00000000c8f00000, 0x00000000c8f00000, 0x00000000c9000000|  0%| F|  |TAMS 0x00000000c8f00000, 0x00000000c8f00000| Untracked 
| 144|0x00000000c9000000, 0x00000000c9000000, 0x00000000c9100000|  0%| F|  |TAMS 0x00000000c9000000, 0x00000000c9000000| Untracked 
| 145|0x00000000c9100000, 0x00000000c9100000, 0x00000000c9200000|  0%| F|  |TAMS 0x00000000c9100000, 0x00000000c9100000| Untracked 
| 146|0x00000000c9200000, 0x00000000c9200000, 0x00000000c9300000|  0%| F|  |TAMS 0x00000000c9200000, 0x00000000c9200000| Untracked 
| 147|0x00000000c9300000, 0x00000000c9300000, 0x00000000c9400000|  0%| F|  |TAMS 0x00000000c9300000, 0x00000000c9300000| Untracked 
| 148|0x00000000c9400000, 0x00000000c9400000, 0x00000000c9500000|  0%| F|  |TAMS 0x00000000c9400000, 0x00000000c9400000| Untracked 
| 149|0x00000000c9500000, 0x00000000c9500000, 0x00000000c9600000|  0%| F|  |TAMS 0x00000000c9500000, 0x00000000c9500000| Untracked 
| 150|0x00000000c9600000, 0x00000000c9600000, 0x00000000c9700000|  0%| F|  |TAMS 0x00000000c9600000, 0x00000000c9600000| Untracked 
| 151|0x00000000c9700000, 0x00000000c9700000, 0x00000000c9800000|  0%| F|  |TAMS 0x00000000c9700000, 0x00000000c9700000| Untracked 
| 152|0x00000000c9800000, 0x00000000c9800000, 0x00000000c9900000|  0%| F|  |TAMS 0x00000000c9800000, 0x00000000c9800000| Untracked 
| 153|0x00000000c9900000, 0x00000000c9900000, 0x00000000c9a00000|  0%| F|  |TAMS 0x00000000c9900000, 0x00000000c9900000| Untracked 
| 154|0x00000000c9a00000, 0x00000000c9a00000, 0x00000000c9b00000|  0%| F|  |TAMS 0x00000000c9a00000, 0x00000000c9a00000| Untracked 
| 155|0x00000000c9b00000, 0x00000000c9b00000, 0x00000000c9c00000|  0%| F|  |TAMS 0x00000000c9b00000, 0x00000000c9b00000| Untracked 
| 156|0x00000000c9c00000, 0x00000000c9c00000, 0x00000000c9d00000|  0%| F|  |TAMS 0x00000000c9c00000, 0x00000000c9c00000| Untracked 
| 157|0x00000000c9d00000, 0x00000000c9d00000, 0x00000000c9e00000|  0%| F|  |TAMS 0x00000000c9d00000, 0x00000000c9d00000| Untracked 
| 158|0x00000000c9e00000, 0x00000000c9e00000, 0x00000000c9f00000|  0%| F|  |TAMS 0x00000000c9e00000, 0x00000000c9e00000| Untracked 
| 159|0x00000000c9f00000, 0x00000000c9f00000, 0x00000000ca000000|  0%| F|  |TAMS 0x00000000c9f00000, 0x00000000c9f00000| Untracked 
| 160|0x00000000ca000000, 0x00000000ca000000, 0x00000000ca100000|  0%| F|  |TAMS 0x00000000ca000000, 0x00000000ca000000| Untracked 
| 161|0x00000000ca100000, 0x00000000ca100000, 0x00000000ca200000|  0%| F|  |TAMS 0x00000000ca100000, 0x00000000ca100000| Untracked 
| 162|0x00000000ca200000, 0x00000000ca200000, 0x00000000ca300000|  0%| F|  |TAMS 0x00000000ca200000, 0x00000000ca200000| Untracked 
| 163|0x00000000ca300000, 0x00000000ca300000, 0x00000000ca400000|  0%| F|  |TAMS 0x00000000ca300000, 0x00000000ca300000| Untracked 
| 164|0x00000000ca400000, 0x00000000ca400000, 0x00000000ca500000|  0%| F|  |TAMS 0x00000000ca400000, 0x00000000ca400000| Untracked 
| 165|0x00000000ca500000, 0x00000000ca500000, 0x00000000ca600000|  0%| F|  |TAMS 0x00000000ca500000, 0x00000000ca500000| Untracked 
| 166|0x00000000ca600000, 0x00000000ca600000, 0x00000000ca700000|  0%| F|  |TAMS 0x00000000ca600000, 0x00000000ca600000| Untracked 
| 167|0x00000000ca700000, 0x00000000ca700000, 0x00000000ca800000|  0%| F|  |TAMS 0x00000000ca700000, 0x00000000ca700000| Untracked 
| 168|0x00000000ca800000, 0x00000000ca800000, 0x00000000ca900000|  0%| F|  |TAMS 0x00000000ca800000, 0x00000000ca800000| Untracked 
| 169|0x00000000ca900000, 0x00000000ca900000, 0x00000000caa00000|  0%| F|  |TAMS 0x00000000ca900000, 0x00000000ca900000| Untracked 
| 170|0x00000000caa00000, 0x00000000caa00000, 0x00000000cab00000|  0%| F|  |TAMS 0x00000000caa00000, 0x00000000caa00000| Untracked 
| 171|0x00000000cab00000, 0x00000000cab00000, 0x00000000cac00000|  0%| F|  |TAMS 0x00000000cab00000, 0x00000000cab00000| Untracked 
| 172|0x00000000cac00000, 0x00000000cac00000, 0x00000000cad00000|  0%| F|  |TAMS 0x00000000cac00000, 0x00000000cac00000| Untracked 
| 173|0x00000000cad00000, 0x00000000cad00000, 0x00000000cae00000|  0%| F|  |TAMS 0x00000000cad00000, 0x00000000cad00000| Untracked 
| 174|0x00000000cae00000, 0x00000000cae00000, 0x00000000caf00000|  0%| F|  |TAMS 0x00000000cae00000, 0x00000000cae00000| Untracked 
| 175|0x00000000caf00000, 0x00000000caf00000, 0x00000000cb000000|  0%| F|  |TAMS 0x00000000caf00000, 0x00000000caf00000| Untracked 
| 176|0x00000000cb000000, 0x00000000cb000000, 0x00000000cb100000|  0%| F|  |TAMS 0x00000000cb000000, 0x00000000cb000000| Untracked 
| 177|0x00000000cb100000, 0x00000000cb100000, 0x00000000cb200000|  0%| F|  |TAMS 0x00000000cb100000, 0x00000000cb100000| Untracked 
| 178|0x00000000cb200000, 0x00000000cb200000, 0x00000000cb300000|  0%| F|  |TAMS 0x00000000cb200000, 0x00000000cb200000| Untracked 
| 179|0x00000000cb300000, 0x00000000cb300000, 0x00000000cb400000|  0%| F|  |TAMS 0x00000000cb300000, 0x00000000cb300000| Untracked 
| 180|0x00000000cb400000, 0x00000000cb400000, 0x00000000cb500000|  0%| F|  |TAMS 0x00000000cb400000, 0x00000000cb400000| Untracked 
| 181|0x00000000cb500000, 0x00000000cb500000, 0x00000000cb600000|  0%| F|  |TAMS 0x00000000cb500000, 0x00000000cb500000| Untracked 
| 182|0x00000000cb600000, 0x00000000cb600000, 0x00000000cb700000|  0%| F|  |TAMS 0x00000000cb600000, 0x00000000cb600000| Untracked 
| 183|0x00000000cb700000, 0x00000000cb700000, 0x00000000cb800000|  0%| F|  |TAMS 0x00000000cb700000, 0x00000000cb700000| Untracked 
| 184|0x00000000cb800000, 0x00000000cb800000, 0x00000000cb900000|  0%| F|  |TAMS 0x00000000cb800000, 0x00000000cb800000| Untracked 
| 185|0x00000000cb900000, 0x00000000cb900000, 0x00000000cba00000|  0%| F|  |TAMS 0x00000000cb900000, 0x00000000cb900000| Untracked 
| 186|0x00000000cba00000, 0x00000000cba00000, 0x00000000cbb00000|  0%| F|  |TAMS 0x00000000cba00000, 0x00000000cba00000| Untracked 
| 187|0x00000000cbb00000, 0x00000000cbb00000, 0x00000000cbc00000|  0%| F|  |TAMS 0x00000000cbb00000, 0x00000000cbb00000| Untracked 
| 188|0x00000000cbc00000, 0x00000000cbc00000, 0x00000000cbd00000|  0%| F|  |TAMS 0x00000000cbc00000, 0x00000000cbc00000| Untracked 
| 189|0x00000000cbd00000, 0x00000000cbd00000, 0x00000000cbe00000|  0%| F|  |TAMS 0x00000000cbd00000, 0x00000000cbd00000| Untracked 
| 190|0x00000000cbe00000, 0x00000000cbe00000, 0x00000000cbf00000|  0%| F|  |TAMS 0x00000000cbe00000, 0x00000000cbe00000| Untracked 
| 191|0x00000000cbf00000, 0x00000000cbf00000, 0x00000000cc000000|  0%| F|  |TAMS 0x00000000cbf00000, 0x00000000cbf00000| Untracked 
| 192|0x00000000cc000000, 0x00000000cc000000, 0x00000000cc100000|  0%| F|  |TAMS 0x00000000cc000000, 0x00000000cc000000| Untracked 
| 193|0x00000000cc100000, 0x00000000cc100000, 0x00000000cc200000|  0%| F|  |TAMS 0x00000000cc100000, 0x00000000cc100000| Untracked 
| 194|0x00000000cc200000, 0x00000000cc200000, 0x00000000cc300000|  0%| F|  |TAMS 0x00000000cc200000, 0x00000000cc200000| Untracked 
| 195|0x00000000cc300000, 0x00000000cc300000, 0x00000000cc400000|  0%| F|  |TAMS 0x00000000cc300000, 0x00000000cc300000| Untracked 
| 196|0x00000000cc400000, 0x00000000cc400000, 0x00000000cc500000|  0%| F|  |TAMS 0x00000000cc400000, 0x00000000cc400000| Untracked 
| 197|0x00000000cc500000, 0x00000000cc500000, 0x00000000cc600000|  0%| F|  |TAMS 0x00000000cc500000, 0x00000000cc500000| Untracked 
| 198|0x00000000cc600000, 0x00000000cc600000, 0x00000000cc700000|  0%| F|  |TAMS 0x00000000cc600000, 0x00000000cc600000| Untracked 
| 199|0x00000000cc700000, 0x00000000cc700000, 0x00000000cc800000|  0%| F|  |TAMS 0x00000000cc700000, 0x00000000cc700000| Untracked 
| 200|0x00000000cc800000, 0x00000000cc800000, 0x00000000cc900000|  0%| F|  |TAMS 0x00000000cc800000, 0x00000000cc800000| Untracked 
| 201|0x00000000cc900000, 0x00000000cc900000, 0x00000000cca00000|  0%| F|  |TAMS 0x00000000cc900000, 0x00000000cc900000| Untracked 
| 202|0x00000000cca00000, 0x00000000cca00000, 0x00000000ccb00000|  0%| F|  |TAMS 0x00000000cca00000, 0x00000000cca00000| Untracked 
| 203|0x00000000ccb00000, 0x00000000ccb00000, 0x00000000ccc00000|  0%| F|  |TAMS 0x00000000ccb00000, 0x00000000ccb00000| Untracked 
| 204|0x00000000ccc00000, 0x00000000ccc00000, 0x00000000ccd00000|  0%| F|  |TAMS 0x00000000ccc00000, 0x00000000ccc00000| Untracked 
| 205|0x00000000ccd00000, 0x00000000ccd00000, 0x00000000cce00000|  0%| F|  |TAMS 0x00000000ccd00000, 0x00000000ccd00000| Untracked 
| 206|0x00000000cce00000, 0x00000000cce00000, 0x00000000ccf00000|  0%| F|  |TAMS 0x00000000cce00000, 0x00000000cce00000| Untracked 
| 207|0x00000000ccf00000, 0x00000000ccf00000, 0x00000000cd000000|  0%| F|  |TAMS 0x00000000ccf00000, 0x00000000ccf00000| Untracked 
| 208|0x00000000cd000000, 0x00000000cd000000, 0x00000000cd100000|  0%| F|  |TAMS 0x00000000cd000000, 0x00000000cd000000| Untracked 
| 209|0x00000000cd100000, 0x00000000cd100000, 0x00000000cd200000|  0%| F|  |TAMS 0x00000000cd100000, 0x00000000cd100000| Untracked 
| 210|0x00000000cd200000, 0x00000000cd200000, 0x00000000cd300000|  0%| F|  |TAMS 0x00000000cd200000, 0x00000000cd200000| Untracked 
| 211|0x00000000cd300000, 0x00000000cd300000, 0x00000000cd400000|  0%| F|  |TAMS 0x00000000cd300000, 0x00000000cd300000| Untracked 
| 212|0x00000000cd400000, 0x00000000cd400000, 0x00000000cd500000|  0%| F|  |TAMS 0x00000000cd400000, 0x00000000cd400000| Untracked 
| 213|0x00000000cd500000, 0x00000000cd500000, 0x00000000cd600000|  0%| F|  |TAMS 0x00000000cd500000, 0x00000000cd500000| Untracked 
| 214|0x00000000cd600000, 0x00000000cd600000, 0x00000000cd700000|  0%| F|  |TAMS 0x00000000cd600000, 0x00000000cd600000| Untracked 
| 215|0x00000000cd700000, 0x00000000cd700000, 0x00000000cd800000|  0%| F|  |TAMS 0x00000000cd700000, 0x00000000cd700000| Untracked 
| 216|0x00000000cd800000, 0x00000000cd800000, 0x00000000cd900000|  0%| F|  |TAMS 0x00000000cd800000, 0x00000000cd800000| Untracked 
| 217|0x00000000cd900000, 0x00000000cd900000, 0x00000000cda00000|  0%| F|  |TAMS 0x00000000cd900000, 0x00000000cd900000| Untracked 
| 218|0x00000000cda00000, 0x00000000cda00000, 0x00000000cdb00000|  0%| F|  |TAMS 0x00000000cda00000, 0x00000000cda00000| Untracked 
| 219|0x00000000cdb00000, 0x00000000cdb00000, 0x00000000cdc00000|  0%| F|  |TAMS 0x00000000cdb00000, 0x00000000cdb00000| Untracked 
| 220|0x00000000cdc00000, 0x00000000cdc00000, 0x00000000cdd00000|  0%| F|  |TAMS 0x00000000cdc00000, 0x00000000cdc00000| Untracked 
| 221|0x00000000cdd00000, 0x00000000cdd00000, 0x00000000cde00000|  0%| F|  |TAMS 0x00000000cdd00000, 0x00000000cdd00000| Untracked 
| 222|0x00000000cde00000, 0x00000000cde00000, 0x00000000cdf00000|  0%| F|  |TAMS 0x00000000cde00000, 0x00000000cde00000| Untracked 
| 223|0x00000000cdf00000, 0x00000000cdf00000, 0x00000000ce000000|  0%| F|  |TAMS 0x00000000cdf00000, 0x00000000cdf00000| Untracked 
| 224|0x00000000ce000000, 0x00000000ce000000, 0x00000000ce100000|  0%| F|  |TAMS 0x00000000ce000000, 0x00000000ce000000| Untracked 
| 225|0x00000000ce100000, 0x00000000ce100000, 0x00000000ce200000|  0%| F|  |TAMS 0x00000000ce100000, 0x00000000ce100000| Untracked 
| 226|0x00000000ce200000, 0x00000000ce200000, 0x00000000ce300000|  0%| F|  |TAMS 0x00000000ce200000, 0x00000000ce200000| Untracked 
| 227|0x00000000ce300000, 0x00000000ce300000, 0x00000000ce400000|  0%| F|  |TAMS 0x00000000ce300000, 0x00000000ce300000| Untracked 
| 228|0x00000000ce400000, 0x00000000ce400000, 0x00000000ce500000|  0%| F|  |TAMS 0x00000000ce400000, 0x00000000ce400000| Untracked 
| 229|0x00000000ce500000, 0x00000000ce500000, 0x00000000ce600000|  0%| F|  |TAMS 0x00000000ce500000, 0x00000000ce500000| Untracked 
| 230|0x00000000ce600000, 0x00000000ce600000, 0x00000000ce700000|  0%| F|  |TAMS 0x00000000ce600000, 0x00000000ce600000| Untracked 
| 231|0x00000000ce700000, 0x00000000ce700000, 0x00000000ce800000|  0%| F|  |TAMS 0x00000000ce700000, 0x00000000ce700000| Untracked 
| 232|0x00000000ce800000, 0x00000000ce800000, 0x00000000ce900000|  0%| F|  |TAMS 0x00000000ce800000, 0x00000000ce800000| Untracked 
| 233|0x00000000ce900000, 0x00000000ce900000, 0x00000000cea00000|  0%| F|  |TAMS 0x00000000ce900000, 0x00000000ce900000| Untracked 
| 234|0x00000000cea00000, 0x00000000cea00000, 0x00000000ceb00000|  0%| F|  |TAMS 0x00000000cea00000, 0x00000000cea00000| Untracked 
| 235|0x00000000ceb00000, 0x00000000ceb00000, 0x00000000cec00000|  0%| F|  |TAMS 0x00000000ceb00000, 0x00000000ceb00000| Untracked 
| 236|0x00000000cec00000, 0x00000000cec00000, 0x00000000ced00000|  0%| F|  |TAMS 0x00000000cec00000, 0x00000000cec00000| Untracked 
| 237|0x00000000ced00000, 0x00000000ced00000, 0x00000000cee00000|  0%| F|  |TAMS 0x00000000ced00000, 0x00000000ced00000| Untracked 
| 238|0x00000000cee00000, 0x00000000cee00000, 0x00000000cef00000|  0%| F|  |TAMS 0x00000000cee00000, 0x00000000cee00000| Untracked 
| 239|0x00000000cef00000, 0x00000000cef00000, 0x00000000cf000000|  0%| F|  |TAMS 0x00000000cef00000, 0x00000000cef00000| Untracked 
| 240|0x00000000cf000000, 0x00000000cf000000, 0x00000000cf100000|  0%| F|  |TAMS 0x00000000cf000000, 0x00000000cf000000| Untracked 
| 241|0x00000000cf100000, 0x00000000cf100000, 0x00000000cf200000|  0%| F|  |TAMS 0x00000000cf100000, 0x00000000cf100000| Untracked 
| 242|0x00000000cf200000, 0x00000000cf200000, 0x00000000cf300000|  0%| F|  |TAMS 0x00000000cf200000, 0x00000000cf200000| Untracked 
| 243|0x00000000cf300000, 0x00000000cf300000, 0x00000000cf400000|  0%| F|  |TAMS 0x00000000cf300000, 0x00000000cf300000| Untracked 
| 244|0x00000000cf400000, 0x00000000cf400000, 0x00000000cf500000|  0%| F|  |TAMS 0x00000000cf400000, 0x00000000cf400000| Untracked 
| 245|0x00000000cf500000, 0x00000000cf500000, 0x00000000cf600000|  0%| F|  |TAMS 0x00000000cf500000, 0x00000000cf500000| Untracked 
| 246|0x00000000cf600000, 0x00000000cf600000, 0x00000000cf700000|  0%| F|  |TAMS 0x00000000cf600000, 0x00000000cf600000| Untracked 
| 247|0x00000000cf700000, 0x00000000cf700000, 0x00000000cf800000|  0%| F|  |TAMS 0x00000000cf700000, 0x00000000cf700000| Untracked 
| 248|0x00000000cf800000, 0x00000000cf800000, 0x00000000cf900000|  0%| F|  |TAMS 0x00000000cf800000, 0x00000000cf800000| Untracked 
| 249|0x00000000cf900000, 0x00000000cf900000, 0x00000000cfa00000|  0%| F|  |TAMS 0x00000000cf900000, 0x00000000cf900000| Untracked 
| 250|0x00000000cfa00000, 0x00000000cfa00000, 0x00000000cfb00000|  0%| F|  |TAMS 0x00000000cfa00000, 0x00000000cfa00000| Untracked 
| 251|0x00000000cfb00000, 0x00000000cfb00000, 0x00000000cfc00000|  0%| F|  |TAMS 0x00000000cfb00000, 0x00000000cfb00000| Untracked 
| 252|0x00000000cfc00000, 0x00000000cfc00000, 0x00000000cfd00000|  0%| F|  |TAMS 0x00000000cfc00000, 0x00000000cfc00000| Untracked 
| 253|0x00000000cfd00000, 0x00000000cfd00000, 0x00000000cfe00000|  0%| F|  |TAMS 0x00000000cfd00000, 0x00000000cfd00000| Untracked 
| 254|0x00000000cfe00000, 0x00000000cfe00000, 0x00000000cff00000|  0%| F|  |TAMS 0x00000000cfe00000, 0x00000000cfe00000| Untracked 
| 255|0x00000000cff00000, 0x00000000cff00000, 0x00000000d0000000|  0%| F|  |TAMS 0x00000000cff00000, 0x00000000cff00000| Untracked 
| 256|0x00000000d0000000, 0x00000000d0000000, 0x00000000d0100000|  0%| F|  |TAMS 0x00000000d0000000, 0x00000000d0000000| Untracked 
| 257|0x00000000d0100000, 0x00000000d0100000, 0x00000000d0200000|  0%| F|  |TAMS 0x00000000d0100000, 0x00000000d0100000| Untracked 
| 258|0x00000000d0200000, 0x00000000d0200000, 0x00000000d0300000|  0%| F|  |TAMS 0x00000000d0200000, 0x00000000d0200000| Untracked 
| 259|0x00000000d0300000, 0x00000000d0300000, 0x00000000d0400000|  0%| F|  |TAMS 0x00000000d0300000, 0x00000000d0300000| Untracked 
| 260|0x00000000d0400000, 0x00000000d0400000, 0x00000000d0500000|  0%| F|  |TAMS 0x00000000d0400000, 0x00000000d0400000| Untracked 
| 261|0x00000000d0500000, 0x00000000d0500000, 0x00000000d0600000|  0%| F|  |TAMS 0x00000000d0500000, 0x00000000d0500000| Untracked 
| 262|0x00000000d0600000, 0x00000000d0600000, 0x00000000d0700000|  0%| F|  |TAMS 0x00000000d0600000, 0x00000000d0600000| Untracked 
| 263|0x00000000d0700000, 0x00000000d0700000, 0x00000000d0800000|  0%| F|  |TAMS 0x00000000d0700000, 0x00000000d0700000| Untracked 
| 264|0x00000000d0800000, 0x00000000d0800000, 0x00000000d0900000|  0%| F|  |TAMS 0x00000000d0800000, 0x00000000d0800000| Untracked 
| 265|0x00000000d0900000, 0x00000000d0900000, 0x00000000d0a00000|  0%| F|  |TAMS 0x00000000d0900000, 0x00000000d0900000| Untracked 
| 266|0x00000000d0a00000, 0x00000000d0a00000, 0x00000000d0b00000|  0%| F|  |TAMS 0x00000000d0a00000, 0x00000000d0a00000| Untracked 
| 267|0x00000000d0b00000, 0x00000000d0b00000, 0x00000000d0c00000|  0%| F|  |TAMS 0x00000000d0b00000, 0x00000000d0b00000| Untracked 
| 268|0x00000000d0c00000, 0x00000000d0c00000, 0x00000000d0d00000|  0%| F|  |TAMS 0x00000000d0c00000, 0x00000000d0c00000| Untracked 
| 269|0x00000000d0d00000, 0x00000000d0d00000, 0x00000000d0e00000|  0%| F|  |TAMS 0x00000000d0d00000, 0x00000000d0d00000| Untracked 
| 270|0x00000000d0e00000, 0x00000000d0e00000, 0x00000000d0f00000|  0%| F|  |TAMS 0x00000000d0e00000, 0x00000000d0e00000| Untracked 
| 271|0x00000000d0f00000, 0x00000000d0f00000, 0x00000000d1000000|  0%| F|  |TAMS 0x00000000d0f00000, 0x00000000d0f00000| Untracked 
| 272|0x00000000d1000000, 0x00000000d1000000, 0x00000000d1100000|  0%| F|  |TAMS 0x00000000d1000000, 0x00000000d1000000| Untracked 
| 273|0x00000000d1100000, 0x00000000d1100000, 0x00000000d1200000|  0%| F|  |TAMS 0x00000000d1100000, 0x00000000d1100000| Untracked 
| 274|0x00000000d1200000, 0x00000000d1200000, 0x00000000d1300000|  0%| F|  |TAMS 0x00000000d1200000, 0x00000000d1200000| Untracked 
| 275|0x00000000d1300000, 0x00000000d1300000, 0x00000000d1400000|  0%| F|  |TAMS 0x00000000d1300000, 0x00000000d1300000| Untracked 
| 276|0x00000000d1400000, 0x00000000d1400000, 0x00000000d1500000|  0%| F|  |TAMS 0x00000000d1400000, 0x00000000d1400000| Untracked 
| 277|0x00000000d1500000, 0x00000000d1500000, 0x00000000d1600000|  0%| F|  |TAMS 0x00000000d1500000, 0x00000000d1500000| Untracked 
| 278|0x00000000d1600000, 0x00000000d1600000, 0x00000000d1700000|  0%| F|  |TAMS 0x00000000d1600000, 0x00000000d1600000| Untracked 
| 279|0x00000000d1700000, 0x00000000d1700000, 0x00000000d1800000|  0%| F|  |TAMS 0x00000000d1700000, 0x00000000d1700000| Untracked 
| 280|0x00000000d1800000, 0x00000000d1800000, 0x00000000d1900000|  0%| F|  |TAMS 0x00000000d1800000, 0x00000000d1800000| Untracked 
| 281|0x00000000d1900000, 0x00000000d1900000, 0x00000000d1a00000|  0%| F|  |TAMS 0x00000000d1900000, 0x00000000d1900000| Untracked 
| 282|0x00000000d1a00000, 0x00000000d1a00000, 0x00000000d1b00000|  0%| F|  |TAMS 0x00000000d1a00000, 0x00000000d1a00000| Untracked 
| 283|0x00000000d1b00000, 0x00000000d1b00000, 0x00000000d1c00000|  0%| F|  |TAMS 0x00000000d1b00000, 0x00000000d1b00000| Untracked 
| 284|0x00000000d1c00000, 0x00000000d1c00000, 0x00000000d1d00000|  0%| F|  |TAMS 0x00000000d1c00000, 0x00000000d1c00000| Untracked 
| 285|0x00000000d1d00000, 0x00000000d1d00000, 0x00000000d1e00000|  0%| F|  |TAMS 0x00000000d1d00000, 0x00000000d1d00000| Untracked 
| 286|0x00000000d1e00000, 0x00000000d1e00000, 0x00000000d1f00000|  0%| F|  |TAMS 0x00000000d1e00000, 0x00000000d1e00000| Untracked 
| 287|0x00000000d1f00000, 0x00000000d1f00000, 0x00000000d2000000|  0%| F|  |TAMS 0x00000000d1f00000, 0x00000000d1f00000| Untracked 
| 288|0x00000000d2000000, 0x00000000d2000000, 0x00000000d2100000|  0%| F|  |TAMS 0x00000000d2000000, 0x00000000d2000000| Untracked 
| 289|0x00000000d2100000, 0x00000000d2100000, 0x00000000d2200000|  0%| F|  |TAMS 0x00000000d2100000, 0x00000000d2100000| Untracked 
| 290|0x00000000d2200000, 0x00000000d2200000, 0x00000000d2300000|  0%| F|  |TAMS 0x00000000d2200000, 0x00000000d2200000| Untracked 
| 291|0x00000000d2300000, 0x00000000d2300000, 0x00000000d2400000|  0%| F|  |TAMS 0x00000000d2300000, 0x00000000d2300000| Untracked 
| 292|0x00000000d2400000, 0x00000000d2400000, 0x00000000d2500000|  0%| F|  |TAMS 0x00000000d2400000, 0x00000000d2400000| Untracked 
| 293|0x00000000d2500000, 0x00000000d2500000, 0x00000000d2600000|  0%| F|  |TAMS 0x00000000d2500000, 0x00000000d2500000| Untracked 
| 294|0x00000000d2600000, 0x00000000d2600000, 0x00000000d2700000|  0%| F|  |TAMS 0x00000000d2600000, 0x00000000d2600000| Untracked 
| 295|0x00000000d2700000, 0x00000000d2700000, 0x00000000d2800000|  0%| F|  |TAMS 0x00000000d2700000, 0x00000000d2700000| Untracked 
| 296|0x00000000d2800000, 0x00000000d2800000, 0x00000000d2900000|  0%| F|  |TAMS 0x00000000d2800000, 0x00000000d2800000| Untracked 
| 297|0x00000000d2900000, 0x00000000d2900000, 0x00000000d2a00000|  0%| F|  |TAMS 0x00000000d2900000, 0x00000000d2900000| Untracked 
| 298|0x00000000d2a00000, 0x00000000d2a00000, 0x00000000d2b00000|  0%| F|  |TAMS 0x00000000d2a00000, 0x00000000d2a00000| Untracked 
| 299|0x00000000d2b00000, 0x00000000d2b00000, 0x00000000d2c00000|  0%| F|  |TAMS 0x00000000d2b00000, 0x00000000d2b00000| Untracked 
| 300|0x00000000d2c00000, 0x00000000d2c00000, 0x00000000d2d00000|  0%| F|  |TAMS 0x00000000d2c00000, 0x00000000d2c00000| Untracked 
| 301|0x00000000d2d00000, 0x00000000d2d00000, 0x00000000d2e00000|  0%| F|  |TAMS 0x00000000d2d00000, 0x00000000d2d00000| Untracked 
| 302|0x00000000d2e00000, 0x00000000d2e00000, 0x00000000d2f00000|  0%| F|  |TAMS 0x00000000d2e00000, 0x00000000d2e00000| Untracked 
| 303|0x00000000d2f00000, 0x00000000d2f00000, 0x00000000d3000000|  0%| F|  |TAMS 0x00000000d2f00000, 0x00000000d2f00000| Untracked 
| 304|0x00000000d3000000, 0x00000000d3000000, 0x00000000d3100000|  0%| F|  |TAMS 0x00000000d3000000, 0x00000000d3000000| Untracked 
| 305|0x00000000d3100000, 0x00000000d3100000, 0x00000000d3200000|  0%| F|  |TAMS 0x00000000d3100000, 0x00000000d3100000| Untracked 
| 306|0x00000000d3200000, 0x00000000d3200000, 0x00000000d3300000|  0%| F|  |TAMS 0x00000000d3200000, 0x00000000d3200000| Untracked 
| 307|0x00000000d3300000, 0x00000000d3300000, 0x00000000d3400000|  0%| F|  |TAMS 0x00000000d3300000, 0x00000000d3300000| Untracked 
| 308|0x00000000d3400000, 0x00000000d3400000, 0x00000000d3500000|  0%| F|  |TAMS 0x00000000d3400000, 0x00000000d3400000| Untracked 
| 309|0x00000000d3500000, 0x00000000d3500000, 0x00000000d3600000|  0%| F|  |TAMS 0x00000000d3500000, 0x00000000d3500000| Untracked 
| 310|0x00000000d3600000, 0x00000000d3600000, 0x00000000d3700000|  0%| F|  |TAMS 0x00000000d3600000, 0x00000000d3600000| Untracked 
| 311|0x00000000d3700000, 0x00000000d3700000, 0x00000000d3800000|  0%| F|  |TAMS 0x00000000d3700000, 0x00000000d3700000| Untracked 
| 312|0x00000000d3800000, 0x00000000d3800000, 0x00000000d3900000|  0%| F|  |TAMS 0x00000000d3800000, 0x00000000d3800000| Untracked 
| 313|0x00000000d3900000, 0x00000000d3900000, 0x00000000d3a00000|  0%| F|  |TAMS 0x00000000d3900000, 0x00000000d3900000| Untracked 
| 314|0x00000000d3a00000, 0x00000000d3a00000, 0x00000000d3b00000|  0%| F|  |TAMS 0x00000000d3a00000, 0x00000000d3a00000| Untracked 
| 315|0x00000000d3b00000, 0x00000000d3b00000, 0x00000000d3c00000|  0%| F|  |TAMS 0x00000000d3b00000, 0x00000000d3b00000| Untracked 
| 316|0x00000000d3c00000, 0x00000000d3c00000, 0x00000000d3d00000|  0%| F|  |TAMS 0x00000000d3c00000, 0x00000000d3c00000| Untracked 
| 317|0x00000000d3d00000, 0x00000000d3d00000, 0x00000000d3e00000|  0%| F|  |TAMS 0x00000000d3d00000, 0x00000000d3d00000| Untracked 
| 318|0x00000000d3e00000, 0x00000000d3e00000, 0x00000000d3f00000|  0%| F|  |TAMS 0x00000000d3e00000, 0x00000000d3e00000| Untracked 
| 319|0x00000000d3f00000, 0x00000000d3f00000, 0x00000000d4000000|  0%| F|  |TAMS 0x00000000d3f00000, 0x00000000d3f00000| Untracked 
| 320|0x00000000d4000000, 0x00000000d4000000, 0x00000000d4100000|  0%| F|  |TAMS 0x00000000d4000000, 0x00000000d4000000| Untracked 
| 321|0x00000000d4100000, 0x00000000d4100000, 0x00000000d4200000|  0%| F|  |TAMS 0x00000000d4100000, 0x00000000d4100000| Untracked 
| 322|0x00000000d4200000, 0x00000000d4200000, 0x00000000d4300000|  0%| F|  |TAMS 0x00000000d4200000, 0x00000000d4200000| Untracked 
| 323|0x00000000d4300000, 0x00000000d43cacb0, 0x00000000d4400000| 79%| S|CS|TAMS 0x00000000d4300000, 0x00000000d4300000| Complete 
| 324|0x00000000d4400000, 0x00000000d4500000, 0x00000000d4500000|100%| S|CS|TAMS 0x00000000d4400000, 0x00000000d4400000| Complete 
| 325|0x00000000d4500000, 0x00000000d4600000, 0x00000000d4600000|100%| S|CS|TAMS 0x00000000d4500000, 0x00000000d4500000| Complete 
| 326|0x00000000d4600000, 0x00000000d4600000, 0x00000000d4700000|  0%| F|  |TAMS 0x00000000d4600000, 0x00000000d4600000| Untracked 
| 327|0x00000000d4700000, 0x00000000d4700000, 0x00000000d4800000|  0%| F|  |TAMS 0x00000000d4700000, 0x00000000d4700000| Untracked 
| 328|0x00000000d4800000, 0x00000000d4800000, 0x00000000d4900000|  0%| F|  |TAMS 0x00000000d4800000, 0x00000000d4800000| Untracked 
| 329|0x00000000d4900000, 0x00000000d4900000, 0x00000000d4a00000|  0%| F|  |TAMS 0x00000000d4900000, 0x00000000d4900000| Untracked 
| 330|0x00000000d4a00000, 0x00000000d4a00000, 0x00000000d4b00000|  0%| F|  |TAMS 0x00000000d4a00000, 0x00000000d4a00000| Untracked 
| 331|0x00000000d4b00000, 0x00000000d4b00000, 0x00000000d4c00000|  0%| F|  |TAMS 0x00000000d4b00000, 0x00000000d4b00000| Untracked 
| 332|0x00000000d4c00000, 0x00000000d4c00000, 0x00000000d4d00000|  0%| F|  |TAMS 0x00000000d4c00000, 0x00000000d4c00000| Untracked 
| 333|0x00000000d4d00000, 0x00000000d4d00000, 0x00000000d4e00000|  0%| F|  |TAMS 0x00000000d4d00000, 0x00000000d4d00000| Untracked 
| 334|0x00000000d4e00000, 0x00000000d4e00000, 0x00000000d4f00000|  0%| F|  |TAMS 0x00000000d4e00000, 0x00000000d4e00000| Untracked 
| 335|0x00000000d4f00000, 0x00000000d4f00000, 0x00000000d5000000|  0%| F|  |TAMS 0x00000000d4f00000, 0x00000000d4f00000| Untracked 
| 336|0x00000000d5000000, 0x00000000d5000000, 0x00000000d5100000|  0%| F|  |TAMS 0x00000000d5000000, 0x00000000d5000000| Untracked 
| 337|0x00000000d5100000, 0x00000000d5100000, 0x00000000d5200000|  0%| F|  |TAMS 0x00000000d5100000, 0x00000000d5100000| Untracked 
| 338|0x00000000d5200000, 0x00000000d5200000, 0x00000000d5300000|  0%| F|  |TAMS 0x00000000d5200000, 0x00000000d5200000| Untracked 
| 339|0x00000000d5300000, 0x00000000d5300000, 0x00000000d5400000|  0%| F|  |TAMS 0x00000000d5300000, 0x00000000d5300000| Untracked 
| 340|0x00000000d5400000, 0x00000000d5400000, 0x00000000d5500000|  0%| F|  |TAMS 0x00000000d5400000, 0x00000000d5400000| Untracked 
| 341|0x00000000d5500000, 0x00000000d5500000, 0x00000000d5600000|  0%| F|  |TAMS 0x00000000d5500000, 0x00000000d5500000| Untracked 
| 342|0x00000000d5600000, 0x00000000d5600000, 0x00000000d5700000|  0%| F|  |TAMS 0x00000000d5600000, 0x00000000d5600000| Untracked 
|1022|0x00000000ffe00000, 0x00000000ffe34000, 0x00000000fff00000| 20%|OA|  |TAMS 0x00000000ffe34000, 0x00000000ffe00000| Untracked 
|1023|0x00000000fff00000, 0x00000000fff6a000, 0x0000000100000000| 41%|CA|  |TAMS 0x00000000fff6a000, 0x00000000fff00000| Untracked 

Card table byte_map: [0x00007f8ae4253000,0x00007f8ae4453000] _byte_map_base: 0x00007f8ae3c53000

Marking Bits (Prev, Next): (CMBitMap*) 0x00007f8afc03fd50, (CMBitMap*) 0x00007f8afc03fd18
 Prev Bits: [0x00007f8ade000000, 0x00007f8adf000000)
 Next Bits: [0x00007f8adf000000, 0x00007f8ae0000000)

Polling page: 0x00007f8b0425e000

Metaspace:

Usage:
  Non-class:     37.97 MB capacity,    36.50 MB ( 96%) used,     1.39 MB (  4%) free+waste,    80.38 KB ( <1%) overhead. 
      Class:      5.16 MB capacity,     4.28 MB ( 83%) used,   867.07 KB ( 16%) free+waste,    39.19 KB ( <1%) overhead. 
       Both:     43.13 MB capacity,    40.78 MB ( 95%) used,     2.24 MB (  5%) free+waste,   119.56 KB ( <1%) overhead. 

Virtual space:
  Non-class space:       40.00 MB reserved,      38.25 MB ( 96%) committed 
      Class space:        1.00 GB reserved,       5.25 MB ( <1%) committed 
             Both:        1.04 GB reserved,      43.50 MB (  4%) committed 

Chunk freelists:
   Non-Class:  98.00 KB
       Class:  25.00 KB
        Both:  123.00 KB

CodeHeap 'non-profiled nmethods': size=120032Kb used=2337Kb max_used=2337Kb free=117695Kb
 bounds [0x00007f8aec41e000, 0x00007f8aec68e000, 0x00007f8af3956000]
CodeHeap 'profiled nmethods': size=120032Kb used=10708Kb max_used=10756Kb free=109323Kb
 bounds [0x00007f8ae4ee6000, 0x00007f8ae5976000, 0x00007f8aec41e000]
CodeHeap 'non-nmethods': size=5696Kb used=1256Kb max_used=1320Kb free=4439Kb
 bounds [0x00007f8ae4956000, 0x00007f8ae4bc6000, 0x00007f8ae4ee6000]
 total_blobs=6822 nmethods=4645 adapters=551
 compilation: enabled
              stopped_count=0, restarted_count=0
 full_count=0

Compilation events (10 events):
Event: 277.609 Thread 0x00007f8afc132000 nmethod 5292 0x00007f8ae4f17810 code [0x00007f8ae4f179c0, 0x00007f8ae4f17b68]
Event: 277.686 Thread 0x00007f8afc132000 5293       2       org.eclipse.sisu.inject.RankedSequence::removeThis (43 bytes)
Event: 279.659 Thread 0x00007f8afc132000 nmethod 5293 0x00007f8ae4fb0b90 code [0x00007f8ae4fb0dc0, 0x00007f8ae4fb15a8]
Event: 279.739 Thread 0x00007f8afc132000 5294       1       org.eclipse.sisu.inject.MildValues$Weak::key (5 bytes)
Event: 279.978 Thread 0x00007f8afc132000 nmethod 5294 0x00007f8aec666090 code [0x00007f8aec666240, 0x00007f8aec666370]
Event: 280.024 Thread 0x00007f8afc132000 5295       2       org.eclipse.osgi.framework.eventmgr.CopyOnWriteIdentityMap::empty (4 bytes)
Event: 280.290 Thread 0x00007f8afc132000 nmethod 5295 0x00007f8ae4f17490 code [0x00007f8ae4f17640, 0x00007f8ae4f17770]
Event: 280.353 Thread 0x00007f8afc132000 5296       2       org.eclipse.osgi.framework.eventmgr.CopyOnWriteIdentityMap::<init> (12 bytes)
Event: 280.833 Thread 0x00007f8afc132000 nmethod 5296 0x00007f8ae4fad990 code [0x00007f8ae4fadb40, 0x00007f8ae4fadd10]
Event: 281.706 Thread 0x00007f8afc132000 5298       2       org.eclipse.jdt.internal.core.search.indexing.AbstractIndexer::addModuleReference (12 bytes)

GC Heap History (10 events):
Event: 269.867 GC heap after
{Heap after GC invocations=44 (full 0):
 garbage-first heap   total 353280K, used 119052K [0x00000000c0000000, 0x0000000100000000)
  region size 1024K, 3 young (3072K), 3 survivors (3072K)
 Metaspace       used 41699K, capacity 44169K, committed 44544K, reserved 1089536K
  class space    used 4373K, capacity 5287K, committed 5376K, reserved 1048576K
}
Event: 270.891 GC heap before
{Heap before GC invocations=44 (full 0):
 garbage-first heap   total 353280K, used 132364K [0x00000000c0000000, 0x0000000100000000)
  region size 1024K, 17 young (17408K), 3 survivors (3072K)
 Metaspace       used 41706K, capacity 44169K, committed 44544K, reserved 1089536K
  class space    used 4376K, capacity 5287K, committed 5376K, reserved 1048576K
}
Event: 271.310 GC heap after
{Heap after GC invocations=45 (full 0):
 garbage-first heap   total 353280K, used 121358K [0x00000000c0000000, 0x0000000100000000)
  region size 1024K, 3 young (3072K), 3 survivors (3072K)
 Metaspace       used 41706K, capacity 44169K, committed 44544K, reserved 1089536K
  class space    used 4376K, capacity 5287K, committed 5376K, reserved 1048576K
}
Event: 274.555 GC heap before
{Heap before GC invocations=45 (full 0):
 garbage-first heap   total 353280K, used 135694K [0x00000000c0000000, 0x0000000100000000)
  region size 1024K, 17 young (17408K), 3 survivors (3072K)
 Metaspace       used 41725K, capacity 44169K, committed 44544K, reserved 1089536K
  class space    used 4378K, capacity 5287K, committed 5376K, reserved 1048576K
}
Event: 274.905 GC heap after
{Heap after GC invocations=46 (full 0):
 garbage-first heap   total 353280K, used 122855K [0x00000000c0000000, 0x0000000100000000)
  region size 1024K, 2 young (2048K), 2 survivors (2048K)
 Metaspace       used 41725K, capacity 44169K, committed 44544K, reserved 1089536K
  class space    used 4378K, capacity 5287K, committed 5376K, reserved 1048576K
}
Event: 276.385 GC heap before
{Heap before GC invocations=46 (full 0):
 garbage-first heap   total 353280K, used 138215K [0x00000000c0000000, 0x0000000100000000)
  region size 1024K, 17 young (17408K), 2 survivors (2048K)
 Metaspace       used 41734K, capacity 44169K, committed 44544K, reserved 1089536K
  class space    used 4379K, capacity 5287K, committed 5376K, reserved 1048576K
}
Event: 276.655 GC heap after
{Heap after GC invocations=47 (full 0):
 garbage-first heap   total 353280K, used 124268K [0x00000000c0000000, 0x0000000100000000)
  region size 1024K, 3 young (3072K), 3 survivors (3072K)
 Metaspace       used 41734K, capacity 44169K, committed 44544K, reserved 1089536K
  class space    used 4379K, capacity 5287K, committed 5376K, reserved 1048576K
}
Event: 279.052 GC heap before
{Heap before GC invocations=47 (full 0):
 garbage-first heap   total 353280K, used 138604K [0x00000000c0000000, 0x0000000100000000)
  region size 1024K, 17 young (17408K), 3 survivors (3072K)
 Metaspace       used 41744K, capacity 44169K, committed 44544K, reserved 1089536K
  class space    used 4379K, capacity 5287K, committed 5376K, reserved 1048576K
}
Event: 279.452 GC heap after
{Heap after GC invocations=48 (full 0):
 garbage-first heap   total 353280K, used 125680K [0x00000000c0000000, 0x0000000100000000)
  region size 1024K, 3 young (3072K), 3 survivors (3072K)
 Metaspace       used 41744K, capacity 44169K, committed 44544K, reserved 1089536K
  class space    used 4379K, capacity 5287K, committed 5376K, reserved 1048576K
}
Event: 281.735 GC heap before
{Heap before GC invocations=48 (full 0):
 garbage-first heap   total 353280K, used 140016K [0x00000000c0000000, 0x0000000100000000)
  region size 1024K, 17 young (17408K), 3 survivors (3072K)
 Metaspace       used 41759K, capacity 44169K, committed 44544K, reserved 1089536K
  class space    used 4380K, capacity 5287K, committed 5376K, reserved 1048576K
}

Deoptimization events (10 events):
Event: 280.555 Thread 0x00007f8a8436e000 DEOPT PACKING pc=0x00007f8ae58a4312 sp=0x00007f8ad43eede0
Event: 280.592 Thread 0x00007f8a8436e000 DEOPT UNPACKING pc=0x00007f8ae497e83a sp=0x00007f8ad43ee398 mode 0
Event: 280.806 Thread 0x00007f8a8436e000 DEOPT PACKING pc=0x00007f8ae58a4312 sp=0x00007f8ad43eede0
Event: 280.825 Thread 0x00007f8a8436e000 DEOPT UNPACKING pc=0x00007f8ae497e83a sp=0x00007f8ad43ee398 mode 0
Event: 281.034 Thread 0x00007f8a8436e000 DEOPT PACKING pc=0x00007f8ae58a4312 sp=0x00007f8ad43eede0
Event: 281.063 Thread 0x00007f8a8436e000 DEOPT UNPACKING pc=0x00007f8ae497e83a sp=0x00007f8ad43ee398 mode 0
Event: 281.713 Thread 0x00007f8a8436e000 DEOPT PACKING pc=0x00007f8ae58a4312 sp=0x00007f8ad43eede0
Event: 281.715 Thread 0x00007f8a8436e000 DEOPT UNPACKING pc=0x00007f8ae497e83a sp=0x00007f8ad43ee398 mode 0
Event: 281.731 Thread 0x00007f8a8436e000 DEOPT PACKING pc=0x00007f8ae58a4312 sp=0x00007f8ad43eede0
Event: 281.731 Thread 0x00007f8a8436e000 DEOPT UNPACKING pc=0x00007f8ae497e83a sp=0x00007f8ad43ee398 mode 0

Classes redefined (0 events):
No events

Internal exceptions (10 events):
Event: 204.365 Thread 0x00007f8a841ca800 Exception <a 'java/io/IOException'{0x00000000c37d20f8}> (0x00000000c37d20f8) thrown at [/build/openjdk-lts-7bqZff/openjdk-lts-11.0.4+11/src/hotspot/share/prims/jni.cpp, line 615]
Event: 204.365 Thread 0x00007f8a841ca800 Exception <a 'java/io/IOException'{0x00000000c37d26a8}> (0x00000000c37d26a8) thrown at [/build/openjdk-lts-7bqZff/openjdk-lts-11.0.4+11/src/hotspot/share/prims/jni.cpp, line 615]
Event: 204.365 Thread 0x00007f8a841ca800 Exception <a 'java/io/IOException'{0x00000000c37d2c58}> (0x00000000c37d2c58) thrown at [/build/openjdk-lts-7bqZff/openjdk-lts-11.0.4+11/src/hotspot/share/prims/jni.cpp, line 615]
Event: 204.366 Thread 0x00007f8a841ca800 Exception <a 'java/io/IOException'{0x00000000c37d3e60}> (0x00000000c37d3e60) thrown at [/build/openjdk-lts-7bqZff/openjdk-lts-11.0.4+11/src/hotspot/share/prims/jni.cpp, line 615]
Event: 204.366 Thread 0x00007f8a841ca800 Exception <a 'java/io/IOException'{0x00000000c37d4410}> (0x00000000c37d4410) thrown at [/build/openjdk-lts-7bqZff/openjdk-lts-11.0.4+11/src/hotspot/share/prims/jni.cpp, line 615]
Event: 204.366 Thread 0x00007f8a841ca800 Exception <a 'java/io/IOException'{0x00000000c37d49c0}> (0x00000000c37d49c0) thrown at [/build/openjdk-lts-7bqZff/openjdk-lts-11.0.4+11/src/hotspot/share/prims/jni.cpp, line 615]
Event: 204.366 Thread 0x00007f8a841ca800 Exception <a 'java/io/IOException'{0x00000000c37d64f8}> (0x00000000c37d64f8) thrown at [/build/openjdk-lts-7bqZff/openjdk-lts-11.0.4+11/src/hotspot/share/prims/jni.cpp, line 615]
Event: 204.366 Thread 0x00007f8a841ca800 Exception <a 'java/io/IOException'{0x00000000c37d6800}> (0x00000000c37d6800) thrown at [/build/openjdk-lts-7bqZff/openjdk-lts-11.0.4+11/src/hotspot/share/prims/jni.cpp, line 615]
Event: 204.366 Thread 0x00007f8a841ca800 Exception <a 'java/io/IOException'{0x00000000c37d6b08}> (0x00000000c37d6b08) thrown at [/build/openjdk-lts-7bqZff/openjdk-lts-11.0.4+11/src/hotspot/share/prims/jni.cpp, line 615]
Event: 204.537 Thread 0x00007f8a8436e000 Implicit null exception at 0x00007f8aec5f155f to 0x00007f8aec5f167e

Events (10 events):
Event: 279.508 Executing VM operation: G1CollectForAllocation done
Event: 279.687 Executing VM operation: RevokeBias
Event: 279.814 Executing VM operation: RevokeBias done
Event: 280.324 Executing VM operation: RevokeBias
Event: 280.412 Executing VM operation: RevokeBias done
Event: 280.447 Executing VM operation: RevokeBias
Event: 280.484 Executing VM operation: RevokeBias done
Event: 281.721 Executing VM operation: RevokeBias
Event: 281.723 Executing VM operation: RevokeBias done
Event: 281.732 Executing VM operation: G1CollectForAllocation


Dynamic libraries:
c0000000-d5700000 rw-p 00000000 00:00 0 
e6700000-ffe00000 ---p 00000000 00:00 0 
ffe00000-ffe34000 rw-p 01116000 fd:00 6437026                            /usr/lib/jvm/java-11-openjdk-amd64/lib/server/classes.jsa
ffe34000-fff00000 rw-p 00000000 00:00 0 
fff00000-fff6a000 rw-p 010ac000 fd:00 6437026                            /usr/lib/jvm/java-11-openjdk-amd64/lib/server/classes.jsa
fff6a000-100000000 rw-p 00000000 00:00 0 
800000000-800002000 rwxp 00001000 fd:00 6437026                          /usr/lib/jvm/java-11-openjdk-amd64/lib/server/classes.jsa
800002000-8003bd000 rw-p 00003000 fd:00 6437026                          /usr/lib/jvm/java-11-openjdk-amd64/lib/server/classes.jsa
8003bd000-800a98000 r--p 003be000 fd:00 6437026                          /usr/lib/jvm/java-11-openjdk-amd64/lib/server/classes.jsa
800a98000-800a99000 rw-p 00a99000 fd:00 6437026                          /usr/lib/jvm/java-11-openjdk-amd64/lib/server/classes.jsa
800a99000-8010ab000 r--p 00a9a000 fd:00 6437026                          /usr/lib/jvm/java-11-openjdk-amd64/lib/server/classes.jsa
840000000-840540000 rw-p 00000000 00:00 0 
840540000-880000000 ---p 00000000 00:00 0 
558208a73000-558208a74000 r-xp 00000000 fd:00 6424426                    /usr/lib/jvm/java-11-openjdk-amd64/bin/java
558208c74000-558208c75000 r--p 00001000 fd:00 6424426                    /usr/lib/jvm/java-11-openjdk-amd64/bin/java
558208c75000-558208c76000 rw-p 00002000 fd:00 6424426                    /usr/lib/jvm/java-11-openjdk-amd64/bin/java
558209df3000-558209e36000 rw-p 00000000 00:00 0                          [heap]
7f8a57956000-7f8a60000000 r--s 00000000 fd:00 6430182                    /usr/lib/jvm/java-11-openjdk-amd64/lib/modules
7f8a60000000-7f8a60021000 rw-p 00000000 00:00 0 
7f8a60021000-7f8a64000000 ---p 00000000 00:00 0 
7f8a64000000-7f8a640a1000 rw-p 00000000 00:00 0 
7f8a640a1000-7f8a68000000 ---p 00000000 00:00 0 
7f8a68000000-7f8a68021000 rw-p 00000000 00:00 0 
7f8a68021000-7f8a6c000000 ---p 00000000 00:00 0 
7f8a6c000000-7f8a6c021000 rw-p 00000000 00:00 0 
7f8a6c021000-7f8a70000000 ---p 00000000 00:00 0 
7f8a70000000-7f8a70021000 rw-p 00000000 00:00 0 
7f8a70021000-7f8a74000000 ---p 00000000 00:00 0 
7f8a74000000-7f8a7405d000 rw-p 00000000 00:00 0 
7f8a7405d000-7f8a78000000 ---p 00000000 00:00 0 
7f8a7919d000-7f8a7919e000 ---p 00000000 00:00 0 
7f8a7919e000-7f8a792df000 rw-p 00000000 00:00 0 
7f8a792df000-7f8a7949f000 ---p 00000000 00:00 0 
7f8a7949f000-7f8a794a3000 ---p 00000000 00:00 0 
7f8a794a3000-7f8a797a0000 rw-p 00000000 00:00 0 
7f8a797a0000-7f8a797a4000 ---p 00000000 00:00 0 
7f8a797a4000-7f8a79aa1000 rw-p 00000000 00:00 0 
7f8a79aa1000-7f8a79ca1000 rw-p 00000000 00:00 0 
7f8a79ca1000-7f8a79cb7000 r-xp 00000000 fd:00 5379148                    /lib/x86_64-linux-gnu/libresolv-2.28.so
7f8a79cb7000-7f8a79eb7000 ---p 00016000 fd:00 5379148                    /lib/x86_64-linux-gnu/libresolv-2.28.so
7f8a79eb7000-7f8a79eb8000 r--p 00016000 fd:00 5379148                    /lib/x86_64-linux-gnu/libresolv-2.28.so
7f8a79eb8000-7f8a79eb9000 rw-p 00017000 fd:00 5379148                    /lib/x86_64-linux-gnu/libresolv-2.28.so
7f8a79eb9000-7f8a79ebb000 rw-p 00000000 00:00 0 
7f8a79ebb000-7f8a79ec0000 r-xp 00000000 fd:00 5379097                    /lib/x86_64-linux-gnu/libnss_dns-2.28.so
7f8a79ec0000-7f8a7a0bf000 ---p 00005000 fd:00 5379097                    /lib/x86_64-linux-gnu/libnss_dns-2.28.so
7f8a7a0bf000-7f8a7a0c0000 r--p 00004000 fd:00 5379097                    /lib/x86_64-linux-gnu/libnss_dns-2.28.so
7f8a7a0c0000-7f8a7a0c1000 rw-p 00005000 fd:00 5379097                    /lib/x86_64-linux-gnu/libnss_dns-2.28.so
7f8a7a0c1000-7f8a7a0c3000 r-xp 00000000 fd:00 5379105                    /lib/x86_64-linux-gnu/libnss_mdns4_minimal.so.2
7f8a7a0c3000-7f8a7a2c2000 ---p 00002000 fd:00 5379105                    /lib/x86_64-linux-gnu/libnss_mdns4_minimal.so.2
7f8a7a2c2000-7f8a7a2c3000 r--p 00001000 fd:00 5379105                    /lib/x86_64-linux-gnu/libnss_mdns4_minimal.so.2
7f8a7a2c3000-7f8a7a2c4000 rw-p 00002000 fd:00 5379105                    /lib/x86_64-linux-gnu/libnss_mdns4_minimal.so.2
7f8a7a2c4000-7f8a7a2c6000 r-xp 00000000 fd:00 6424620                    /usr/lib/jvm/java-11-openjdk-amd64/lib/libextnet.so
7f8a7a2c6000-7f8a7a4c5000 ---p 00002000 fd:00 6424620                    /usr/lib/jvm/java-11-openjdk-amd64/lib/libextnet.so
7f8a7a4c5000-7f8a7a4c6000 r--p 00001000 fd:00 6424620                    /usr/lib/jvm/java-11-openjdk-amd64/lib/libextnet.so
7f8a7a4c6000-7f8a7a4c7000 rw-p 00002000 fd:00 6424620                    /usr/lib/jvm/java-11-openjdk-amd64/lib/libextnet.so
7f8a7a4c7000-7f8a7a6c7000 rw-p 00000000 00:00 0 
7f8a7a6c7000-7f8a7a6f1000 r-xp 00000000 fd:00 6430174                    /usr/lib/jvm/java-11-openjdk-amd64/lib/libsunec.so
7f8a7a6f1000-7f8a7a8f0000 ---p 0002a000 fd:00 6430174                    /usr/lib/jvm/java-11-openjdk-amd64/lib/libsunec.so
7f8a7a8f0000-7f8a7a8f4000 r--p 00029000 fd:00 6430174                    /usr/lib/jvm/java-11-openjdk-amd64/lib/libsunec.so
7f8a7a8f4000-7f8a7a8f6000 rw-p 0002d000 fd:00 6430174                    /usr/lib/jvm/java-11-openjdk-amd64/lib/libsunec.so
7f8a7a8f6000-7f8a7a8fa000 ---p 00000000 00:00 0 
7f8a7a8fa000-7f8a7abf7000 rw-p 00000000 00:00 0 
7f8a7abf7000-7f8a7abfb000 ---p 00000000 00:00 0 
7f8a7abfb000-7f8a7aef8000 rw-p 00000000 00:00 0 
7f8a7aef8000-7f8a7aefc000 ---p 00000000 00:00 0 
7f8a7aefc000-7f8a7b1f9000 rw-p 00000000 00:00 0 
7f8a7b1f9000-7f8a7b3f9000 rw-p 00000000 00:00 0 
7f8a7b3f9000-7f8a7b3fd000 ---p 00000000 00:00 0 
7f8a7b3fd000-7f8a7b6fa000 rw-p 00000000 00:00 0 
7f8a7b6fa000-7f8a7b8fa000 rw-p 00000000 00:00 0 
7f8a7b8fa000-7f8a7bafa000 rw-p 00000000 00:00 0 
7f8a7bafa000-7f8a7bcfa000 rw-p 00000000 00:00 0 
7f8a7bcfa000-7f8a7bcfb000 ---p 00000000 00:00 0 
7f8a7bcfb000-7f8a7bdfc000 rw-p 00000000 00:00 0 
7f8a7bdfc000-7f8a7bdfd000 ---p 00000000 00:00 0 
7f8a7bdfd000-7f8a7befe000 rw-p 00000000 00:00 0 
7f8a7befe000-7f8a7beff000 ---p 00000000 00:00 0 
7f8a7beff000-7f8a7c000000 rw-p 00000000 00:00 0 
7f8a7c000000-7f8a7c16b000 rw-p 00000000 00:00 0 
7f8a7c16b000-7f8a80000000 ---p 00000000 00:00 0 
7f8a80000000-7f8a8015b000 rw-p 00000000 00:00 0 
7f8a8015b000-7f8a84000000 ---p 00000000 00:00 0 
7f8a84000000-7f8a84a6c000 rw-p 00000000 00:00 0 
7f8a84a6c000-7f8a88000000 ---p 00000000 00:00 0 
7f8a88000000-7f8a88021000 rw-p 00000000 00:00 0 
7f8a88021000-7f8a8c000000 ---p 00000000 00:00 0 
7f8a8c000000-7f8a8c021000 rw-p 00000000 00:00 0 
7f8a8c021000-7f8a90000000 ---p 00000000 00:00 0 
7f8a90000000-7f8a90021000 rw-p 00000000 00:00 0 
7f8a90021000-7f8a94000000 ---p 00000000 00:00 0 
7f8a94000000-7f8a9418a000 rw-p 00000000 00:00 0 
7f8a9418a000-7f8a98000000 ---p 00000000 00:00 0 
7f8a98000000-7f8a98024000 rw-p 00000000 00:00 0 
7f8a98024000-7f8a9c000000 ---p 00000000 00:00 0 
7f8a9c000000-7f8a9c021000 rw-p 00000000 00:00 0 
7f8a9c021000-7f8aa0000000 ---p 00000000 00:00 0 
7f8aa0000000-7f8aa0021000 rw-p 00000000 00:00 0 
7f8aa0021000-7f8aa4000000 ---p 00000000 00:00 0 
7f8aa4000000-7f8aa4021000 rw-p 00000000 00:00 0 
7f8aa4021000-7f8aa8000000 ---p 00000000 00:00 0 
7f8aa8000000-7f8aa8021000 rw-p 00000000 00:00 0 
7f8aa8021000-7f8aac000000 ---p 00000000 00:00 0 
7f8aac000000-7f8aaeae2000 rw-p 00000000 00:00 0 
7f8aaeae2000-7f8ab0000000 ---p 00000000 00:00 0 
7f8ab0000000-7f8ab0826000 rw-p 00000000 00:00 0 
7f8ab0826000-7f8ab4000000 ---p 00000000 00:00 0 
7f8ab4000000-7f8ab4021000 rw-p 00000000 00:00 0 
7f8ab4021000-7f8ab8000000 ---p 00000000 00:00 0 
7f8ab8000000-7f8ab8021000 rw-p 00000000 00:00 0 
7f8ab8021000-7f8abc000000 ---p 00000000 00:00 0 
7f8abc000000-7f8abc1a5000 rw-p 00000000 00:00 0 
7f8abc1a5000-7f8ac0000000 ---p 00000000 00:00 0 
7f8ac0000000-7f8ac0021000 rw-p 00000000 00:00 0 
7f8ac0021000-7f8ac4000000 ---p 00000000 00:00 0 
7f8ac4000000-7f8ac4021000 rw-p 00000000 00:00 0 
7f8ac4021000-7f8ac8000000 ---p 00000000 00:00 0 
7f8ac8000000-7f8ac82ca000 rw-p 00000000 00:00 0 
7f8ac82ca000-7f8acc000000 ---p 00000000 00:00 0 
7f8acc000000-7f8acc021000 rw-p 00000000 00:00 0 
7f8acc021000-7f8ad0000000 ---p 00000000 00:00 0 
7f8ad0000000-7f8ad0049000 rw-p 00000000 00:00 0 
7f8ad0049000-7f8ad4000000 ---p 00000000 00:00 0 
7f8ad40f0000-7f8ad42f0000 rw-p 00000000 00:00 0 
7f8ad42f0000-7f8ad42f4000 ---p 00000000 00:00 0 
7f8ad42f4000-7f8ad45f1000 rw-p 00000000 00:00 0 
7f8ad45f1000-7f8ad45f5000 ---p 00000000 00:00 0 
7f8ad45f5000-7f8ad46f2000 rw-p 00000000 00:00 0 
7f8ad46f2000-7f8ad46f6000 ---p 00000000 00:00 0 
7f8ad46f6000-7f8ad49f3000 rw-p 00000000 00:00 0 
7f8ad49f3000-7f8ad49f7000 ---p 00000000 00:00 0 
7f8ad49f7000-7f8ad4af4000 rw-p 00000000 00:00 0 
7f8ad4af4000-7f8ad4b04000 r-xp 00000000 fd:00 7617370                    /home/daichi/.vscode/extensions/redhat.java-0.52.0/server/config_linux/org.eclipse.equinox.launcher/org.eclipse.equinox.launcher.gtk.linux.x86_64_1.1.1100.v20190907-0426/eclipse_1801.so
7f8ad4b04000-7f8ad4d03000 ---p 00010000 fd:00 7617370                    /home/daichi/.vscode/extensions/redhat.java-0.52.0/server/config_linux/org.eclipse.equinox.launcher/org.eclipse.equinox.launcher.gtk.linux.x86_64_1.1.1100.v20190907-0426/eclipse_1801.so
7f8ad4d03000-7f8ad4d04000 r--p 0000f000 fd:00 7617370                    /home/daichi/.vscode/extensions/redhat.java-0.52.0/server/config_linux/org.eclipse.equinox.launcher/org.eclipse.equinox.launcher.gtk.linux.x86_64_1.1.1100.v20190907-0426/eclipse_1801.so
7f8ad4d04000-7f8ad4d05000 rw-p 00010000 fd:00 7617370                    /home/daichi/.vscode/extensions/redhat.java-0.52.0/server/config_linux/org.eclipse.equinox.launcher/org.eclipse.equinox.launcher.gtk.linux.x86_64_1.1.1100.v20190907-0426/eclipse_1801.so
7f8ad4d05000-7f8ad4d09000 ---p 00000000 00:00 0 
7f8ad4d09000-7f8ad4e06000 rw-p 00000000 00:00 0 
7f8ad4e06000-7f8ad4e0a000 ---p 00000000 00:00 0 
7f8ad4e0a000-7f8ad4f07000 rw-p 00000000 00:00 0 
7f8ad4f07000-7f8ad4f0b000 ---p 00000000 00:00 0 
7f8ad4f0b000-7f8ad5008000 rw-p 00000000 00:00 0 
7f8ad5008000-7f8ad5009000 ---p 00000000 00:00 0 
7f8ad5009000-7f8ad510a000 rw-p 00000000 00:00 0 
7f8ad510a000-7f8ad6000000 r--p 00000000 fd:00 6165589                    /usr/lib/locale/locale-archive
7f8ad6000000-7f8ad8000000 rw-p 00000000 00:00 0 
7f8ad8000000-7f8ad8021000 rw-p 00000000 00:00 0 
7f8ad8021000-7f8adc000000 ---p 00000000 00:00 0 
7f8adc03d000-7f8adc053000 r-xp 00000000 fd:00 6424660                    /usr/lib/jvm/java-11-openjdk-amd64/lib/libnet.so
7f8adc053000-7f8adc252000 ---p 00016000 fd:00 6424660                    /usr/lib/jvm/java-11-openjdk-amd64/lib/libnet.so
7f8adc252000-7f8adc253000 r--p 00015000 fd:00 6424660                    /usr/lib/jvm/java-11-openjdk-amd64/lib/libnet.so
7f8adc253000-7f8adc254000 rw-p 00016000 fd:00 6424660                    /usr/lib/jvm/java-11-openjdk-amd64/lib/libnet.so
7f8adc254000-7f8adc264000 r-xp 00000000 fd:00 6424662                    /usr/lib/jvm/java-11-openjdk-amd64/lib/libnio.so
7f8adc264000-7f8adc463000 ---p 00010000 fd:00 6424662                    /usr/lib/jvm/java-11-openjdk-amd64/lib/libnio.so
7f8adc463000-7f8adc464000 r--p 0000f000 fd:00 6424662                    /usr/lib/jvm/java-11-openjdk-amd64/lib/libnio.so
7f8adc464000-7f8adc465000 rw-p 00010000 fd:00 6424662                    /usr/lib/jvm/java-11-openjdk-amd64/lib/libnio.so
7f8adc465000-7f8adc466000 ---p 00000000 00:00 0 
7f8adc466000-7f8adc567000 rw-p 00000000 00:00 0 
7f8adc567000-7f8adc56b000 ---p 00000000 00:00 0 
7f8adc56b000-7f8adc668000 rw-p 00000000 00:00 0 
7f8adc668000-7f8adc66c000 ---p 00000000 00:00 0 
7f8adc66c000-7f8adc769000 rw-p 00000000 00:00 0 
7f8adc769000-7f8adc76d000 ---p 00000000 00:00 0 
7f8adc76d000-7f8adc86a000 rw-p 00000000 00:00 0 
7f8adc86a000-7f8adc86e000 ---p 00000000 00:00 0 
7f8adc86e000-7f8adc96b000 rw-p 00000000 00:00 0 
7f8adc96b000-7f8adc96f000 ---p 00000000 00:00 0 
7f8adc96f000-7f8adca6c000 rw-p 00000000 00:00 0 
7f8adca6c000-7f8adca70000 ---p 00000000 00:00 0 
7f8adca70000-7f8adcb6d000 rw-p 00000000 00:00 0 
7f8adcb6d000-7f8adcb71000 ---p 00000000 00:00 0 
7f8adcb71000-7f8adcc6e000 rw-p 00000000 00:00 0 
7f8adcc6e000-7f8adcc72000 ---p 00000000 00:00 0 
7f8adcc72000-7f8adcd6f000 rw-p 00000000 00:00 0 
7f8adcd6f000-7f8adcd70000 ---p 00000000 00:00 0 
7f8adcd70000-7f8add6f2000 rw-p 00000000 00:00 0 
7f8add6f2000-7f8add6f3000 ---p 00000000 00:00 0 
7f8add6f3000-7f8add7f4000 rw-p 00000000 00:00 0 
7f8add7f4000-7f8add7f5000 ---p 00000000 00:00 0 
7f8add7f5000-7f8add8f6000 rw-p 00000000 00:00 0 
7f8add8f6000-7f8add8f7000 ---p 00000000 00:00 0 
7f8add8f7000-7f8adddfc000 rw-p 00000000 00:00 0 
7f8adddfc000-7f8adddfd000 ---p 00000000 00:00 0 
7f8adddfd000-7f8addefe000 rw-p 00000000 00:00 0 
7f8addefe000-7f8addeff000 ---p 00000000 00:00 0 
7f8addeff000-7f8ade55c000 rw-p 00000000 00:00 0 
7f8ade55c000-7f8adeff8000 ---p 00000000 00:00 0 
7f8adeff8000-7f8adf55c000 rw-p 00000000 00:00 0 
7f8adf55c000-7f8adfff8000 ---p 00000000 00:00 0 
7f8adfff8000-7f8ae0000000 rw-p 00000000 00:00 0 
7f8ae0000000-7f8ae0032000 rw-p 00000000 00:00 0 
7f8ae0032000-7f8ae4000000 ---p 00000000 00:00 0 
7f8ae4053000-7f8ae40ff000 rw-p 00000000 00:00 0 
7f8ae40ff000-7f8ae4252000 ---p 00000000 00:00 0 
7f8ae4252000-7f8ae42ff000 rw-p 00000000 00:00 0 
7f8ae42ff000-7f8ae4452000 ---p 00000000 00:00 0 
7f8ae4452000-7f8ae44ff000 rw-p 00000000 00:00 0 
7f8ae44ff000-7f8ae4652000 ---p 00000000 00:00 0 
7f8ae4652000-7f8ae4956000 rw-p 00000000 00:00 0 
7f8ae4956000-7f8ae4bc6000 rwxp 00000000 00:00 0 
7f8ae4bc6000-7f8ae4ee6000 ---p 00000000 00:00 0 
7f8ae4ee6000-7f8ae5976000 rwxp 00000000 00:00 0 
7f8ae5976000-7f8aec41e000 ---p 00000000 00:00 0 
7f8aec41e000-7f8aec68e000 rwxp 00000000 00:00 0 
7f8aec68e000-7f8af3956000 ---p 00000000 00:00 0 
7f8af3956000-7f8afc000000 r--s 00000000 fd:00 6430182                    /usr/lib/jvm/java-11-openjdk-amd64/lib/modules
7f8afc000000-7f8afc56f000 rw-p 00000000 00:00 0 
7f8afc56f000-7f8b00000000 ---p 00000000 00:00 0 
7f8b00055000-7f8b00156000 rw-p 00000000 00:00 0 
7f8b00156000-7f8b00157000 ---p 00000000 00:00 0 
7f8b00157000-7f8b0025d000 rw-p 00000000 00:00 0 
7f8b0025d000-7f8b00343000 ---p 00000000 00:00 0 
7f8b00343000-7f8b00359000 rw-p 00000000 00:00 0 
7f8b00359000-7f8b0042e000 ---p 00000000 00:00 0 
7f8b0042e000-7f8b00433000 r-xp 00000000 fd:00 6424644                    /usr/lib/jvm/java-11-openjdk-amd64/lib/libjimage.so
7f8b00433000-7f8b00632000 ---p 00005000 fd:00 6424644                    /usr/lib/jvm/java-11-openjdk-amd64/lib/libjimage.so
7f8b00632000-7f8b00633000 r--p 00004000 fd:00 6424644                    /usr/lib/jvm/java-11-openjdk-amd64/lib/libjimage.so
7f8b00633000-7f8b00634000 rw-p 00005000 fd:00 6424644                    /usr/lib/jvm/java-11-openjdk-amd64/lib/libjimage.so
7f8b00634000-7f8b0063b000 r-xp 00000000 fd:00 6430180                    /usr/lib/jvm/java-11-openjdk-amd64/lib/libzip.so
7f8b0063b000-7f8b0083a000 ---p 00007000 fd:00 6430180                    /usr/lib/jvm/java-11-openjdk-amd64/lib/libzip.so
7f8b0083a000-7f8b0083b000 r--p 00006000 fd:00 6430180                    /usr/lib/jvm/java-11-openjdk-amd64/lib/libzip.so
7f8b0083b000-7f8b0083c000 rw-p 00007000 fd:00 6430180                    /usr/lib/jvm/java-11-openjdk-amd64/lib/libzip.so
7f8b0083c000-7f8b00847000 r-xp 00000000 fd:00 5379099                    /lib/x86_64-linux-gnu/libnss_files-2.28.so
7f8b00847000-7f8b00a46000 ---p 0000b000 fd:00 5379099                    /lib/x86_64-linux-gnu/libnss_files-2.28.so
7f8b00a46000-7f8b00a47000 r--p 0000a000 fd:00 5379099                    /lib/x86_64-linux-gnu/libnss_files-2.28.so
7f8b00a47000-7f8b00a48000 rw-p 0000b000 fd:00 5379099                    /lib/x86_64-linux-gnu/libnss_files-2.28.so
7f8b00a48000-7f8b00a4e000 rw-p 00000000 00:00 0 
7f8b00a4e000-7f8b00a64000 r-xp 00000000 fd:00 5379093                    /lib/x86_64-linux-gnu/libnsl-2.28.so
7f8b00a64000-7f8b00c63000 ---p 00016000 fd:00 5379093                    /lib/x86_64-linux-gnu/libnsl-2.28.so
7f8b00c63000-7f8b00c64000 r--p 00015000 fd:00 5379093                    /lib/x86_64-linux-gnu/libnsl-2.28.so
7f8b00c64000-7f8b00c65000 rw-p 00016000 fd:00 5379093                    /lib/x86_64-linux-gnu/libnsl-2.28.so
7f8b00c65000-7f8b00c67000 rw-p 00000000 00:00 0 
7f8b00c67000-7f8b00c72000 r-xp 00000000 fd:00 5379110                    /lib/x86_64-linux-gnu/libnss_nis-2.28.so
7f8b00c72000-7f8b00e71000 ---p 0000b000 fd:00 5379110                    /lib/x86_64-linux-gnu/libnss_nis-2.28.so
7f8b00e71000-7f8b00e72000 r--p 0000a000 fd:00 5379110                    /lib/x86_64-linux-gnu/libnss_nis-2.28.so
7f8b00e72000-7f8b00e73000 rw-p 0000b000 fd:00 5379110                    /lib/x86_64-linux-gnu/libnss_nis-2.28.so
7f8b00e73000-7f8b00e7b000 r-xp 00000000 fd:00 5379095                    /lib/x86_64-linux-gnu/libnss_compat-2.28.so
7f8b00e7b000-7f8b0107a000 ---p 00008000 fd:00 5379095                    /lib/x86_64-linux-gnu/libnss_compat-2.28.so
7f8b0107a000-7f8b0107b000 r--p 00007000 fd:00 5379095                    /lib/x86_64-linux-gnu/libnss_compat-2.28.so
7f8b0107b000-7f8b0107c000 rw-p 00008000 fd:00 5379095                    /lib/x86_64-linux-gnu/libnss_compat-2.28.so
7f8b0107c000-7f8b010a5000 r-xp 00000000 fd:00 6424634                    /usr/lib/jvm/java-11-openjdk-amd64/lib/libjava.so
7f8b010a5000-7f8b012a4000 ---p 00029000 fd:00 6424634                    /usr/lib/jvm/java-11-openjdk-amd64/lib/libjava.so
7f8b012a4000-7f8b012a5000 r--p 00028000 fd:00 6424634                    /usr/lib/jvm/java-11-openjdk-amd64/lib/libjava.so
7f8b012a5000-7f8b012a7000 rw-p 00029000 fd:00 6424634                    /usr/lib/jvm/java-11-openjdk-amd64/lib/libjava.so
7f8b012a7000-7f8b012b4000 r-xp 00000000 fd:00 6430178                    /usr/lib/jvm/java-11-openjdk-amd64/lib/libverify.so
7f8b012b4000-7f8b014b3000 ---p 0000d000 fd:00 6430178                    /usr/lib/jvm/java-11-openjdk-amd64/lib/libverify.so
7f8b014b3000-7f8b014b5000 r--p 0000c000 fd:00 6430178                    /usr/lib/jvm/java-11-openjdk-amd64/lib/libverify.so
7f8b014b5000-7f8b014b6000 rw-p 0000e000 fd:00 6430178                    /usr/lib/jvm/java-11-openjdk-amd64/lib/libverify.so
7f8b014b6000-7f8b014bd000 r-xp 00000000 fd:00 5379150                    /lib/x86_64-linux-gnu/librt-2.28.so
7f8b014bd000-7f8b016bc000 ---p 00007000 fd:00 5379150                    /lib/x86_64-linux-gnu/librt-2.28.so
7f8b016bc000-7f8b016bd000 r--p 00006000 fd:00 5379150                    /lib/x86_64-linux-gnu/librt-2.28.so
7f8b016bd000-7f8b016be000 rw-p 00007000 fd:00 5379150                    /lib/x86_64-linux-gnu/librt-2.28.so
7f8b016be000-7f8b016d5000 r-xp 00000000 fd:00 5379046                    /lib/x86_64-linux-gnu/libgcc_s.so.1
7f8b016d5000-7f8b018d4000 ---p 00017000 fd:00 5379046                    /lib/x86_64-linux-gnu/libgcc_s.so.1
7f8b018d4000-7f8b018d5000 r--p 00016000 fd:00 5379046                    /lib/x86_64-linux-gnu/libgcc_s.so.1
7f8b018d5000-7f8b018d6000 rw-p 00017000 fd:00 5379046                    /lib/x86_64-linux-gnu/libgcc_s.so.1
7f8b018d6000-7f8b01a60000 r-xp 00000000 fd:00 5379072                    /lib/x86_64-linux-gnu/libm-2.28.so
7f8b01a60000-7f8b01c5f000 ---p 0018a000 fd:00 5379072                    /lib/x86_64-linux-gnu/libm-2.28.so
7f8b01c5f000-7f8b01c60000 r--p 00189000 fd:00 5379072                    /lib/x86_64-linux-gnu/libm-2.28.so
7f8b01c60000-7f8b01c61000 rw-p 0018a000 fd:00 5379072                    /lib/x86_64-linux-gnu/libm-2.28.so
7f8b01c61000-7f8b01dda000 r-xp 00000000 fd:00 6167712                    /usr/lib/x86_64-linux-gnu/libstdc++.so.6.0.25
7f8b01dda000-7f8b01fda000 ---p 00179000 fd:00 6167712                    /usr/lib/x86_64-linux-gnu/libstdc++.so.6.0.25
7f8b01fda000-7f8b01fe4000 r--p 00179000 fd:00 6167712                    /usr/lib/x86_64-linux-gnu/libstdc++.so.6.0.25
7f8b01fe4000-7f8b01fe6000 rw-p 00183000 fd:00 6167712                    /usr/lib/x86_64-linux-gnu/libstdc++.so.6.0.25
7f8b01fe6000-7f8b01fea000 rw-p 00000000 00:00 0 
7f8b01fea000-7f8b030b6000 r-xp 00000000 fd:00 6430192                    /usr/lib/jvm/java-11-openjdk-amd64/lib/server/libjvm.so
7f8b030b6000-7f8b032b5000 ---p 010cc000 fd:00 6430192                    /usr/lib/jvm/java-11-openjdk-amd64/lib/server/libjvm.so
7f8b032b5000-7f8b03372000 r--p 010cb000 fd:00 6430192                    /usr/lib/jvm/java-11-openjdk-amd64/lib/server/libjvm.so
7f8b03372000-7f8b033ab000 rw-p 01188000 fd:00 6430192                    /usr/lib/jvm/java-11-openjdk-amd64/lib/server/libjvm.so
7f8b033ab000-7f8b03401000 rw-p 00000000 00:00 0 
7f8b03401000-7f8b0341c000 r-xp 00000000 fd:00 5379142                    /lib/x86_64-linux-gnu/libpthread-2.28.so
7f8b0341c000-7f8b0361b000 ---p 0001b000 fd:00 5379142                    /lib/x86_64-linux-gnu/libpthread-2.28.so
7f8b0361b000-7f8b0361c000 r--p 0001a000 fd:00 5379142                    /lib/x86_64-linux-gnu/libpthread-2.28.so
7f8b0361c000-7f8b0361d000 rw-p 0001b000 fd:00 5379142                    /lib/x86_64-linux-gnu/libpthread-2.28.so
7f8b0361d000-7f8b03621000 rw-p 00000000 00:00 0 
7f8b03621000-7f8b03624000 r-xp 00000000 fd:00 5379032                    /lib/x86_64-linux-gnu/libdl-2.28.so
7f8b03624000-7f8b03823000 ---p 00003000 fd:00 5379032                    /lib/x86_64-linux-gnu/libdl-2.28.so
7f8b03823000-7f8b03824000 r--p 00002000 fd:00 5379032                    /lib/x86_64-linux-gnu/libdl-2.28.so
7f8b03824000-7f8b03825000 rw-p 00003000 fd:00 5379032                    /lib/x86_64-linux-gnu/libdl-2.28.so
7f8b03825000-7f8b03841000 r-xp 00000000 fd:00 5379181                    /lib/x86_64-linux-gnu/libz.so.1.2.11
7f8b03841000-7f8b03a40000 ---p 0001c000 fd:00 5379181                    /lib/x86_64-linux-gnu/libz.so.1.2.11
7f8b03a40000-7f8b03a41000 r--p 0001b000 fd:00 5379181                    /lib/x86_64-linux-gnu/libz.so.1.2.11
7f8b03a41000-7f8b03a42000 rw-p 0001c000 fd:00 5379181                    /lib/x86_64-linux-gnu/libz.so.1.2.11
7f8b03a42000-7f8b03c20000 r-xp 00000000 fd:00 5379011                    /lib/x86_64-linux-gnu/libc-2.28.so
7f8b03c20000-7f8b03e1f000 ---p 001de000 fd:00 5379011                    /lib/x86_64-linux-gnu/libc-2.28.so
7f8b03e1f000-7f8b03e23000 r--p 001dd000 fd:00 5379011                    /lib/x86_64-linux-gnu/libc-2.28.so
7f8b03e23000-7f8b03e25000 rw-p 001e1000 fd:00 5379011                    /lib/x86_64-linux-gnu/libc-2.28.so
7f8b03e25000-7f8b03e29000 rw-p 00000000 00:00 0 
7f8b03e29000-7f8b03e39000 r-xp 00000000 fd:00 6424600                    /usr/lib/jvm/java-11-openjdk-amd64/lib/jli/libjli.so
7f8b03e39000-7f8b04038000 ---p 00010000 fd:00 6424600                    /usr/lib/jvm/java-11-openjdk-amd64/lib/jli/libjli.so
7f8b04038000-7f8b04039000 r--p 0000f000 fd:00 6424600                    /usr/lib/jvm/java-11-openjdk-amd64/lib/jli/libjli.so
7f8b04039000-7f8b0403a000 rw-p 00010000 fd:00 6424600                    /usr/lib/jvm/java-11-openjdk-amd64/lib/jli/libjli.so
7f8b0403a000-7f8b04062000 r-xp 00000000 fd:00 5378983                    /lib/x86_64-linux-gnu/ld-2.28.so
7f8b0409e000-7f8b040a2000 ---p 00000000 00:00 0 
7f8b040a2000-7f8b0413e000 rw-p 00000000 00:00 0 
7f8b0413e000-7f8b04142000 ---p 00000000 00:00 0 
7f8b04142000-7f8b04241000 rw-p 00000000 00:00 0 
7f8b04248000-7f8b0424d000 rw-p 00000000 00:00 0 
7f8b0424d000-7f8b04254000 ---p 00000000 00:00 0 
7f8b04254000-7f8b04256000 r--s 00007000 fd:00 6691373                    /usr/share/java/java-atk-wrapper.jar
7f8b04256000-7f8b0425e000 rw-s 00000000 fd:00 7088089                    /tmp/hsperfdata_daichi/11993
7f8b0425e000-7f8b0425f000 ---p 00000000 00:00 0 
7f8b0425f000-7f8b04260000 r--p 00000000 00:00 0 
7f8b04260000-7f8b04262000 rw-p 00000000 00:00 0 
7f8b04262000-7f8b04263000 r--p 00028000 fd:00 5378983                    /lib/x86_64-linux-gnu/ld-2.28.so
7f8b04263000-7f8b04264000 rw-p 00029000 fd:00 5378983                    /lib/x86_64-linux-gnu/ld-2.28.so
7f8b04264000-7f8b04265000 rw-p 00000000 00:00 0 
7ffcde378000-7ffcde39a000 rw-p 00000000 00:00 0                          [stack]
7ffcde3f6000-7ffcde3f9000 r--p 00000000 00:00 0                          [vvar]
7ffcde3f9000-7ffcde3fa000 r-xp 00000000 00:00 0                          [vdso]
ffffffffff600000-ffffffffff601000 r-xp 00000000 00:00 0                  [vsyscall]


VM Arguments:
jvm_args: --add-modules=ALL-SYSTEM --add-opens=java.base/java.util=ALL-UNNAMED --add-opens=java.base/java.lang=ALL-UNNAMED -Declipse.application=org.eclipse.jdt.ls.core.id1 -Dosgi.bundles.defaultStartLevel=4 -Declipse.product=org.eclipse.jdt.ls.core.product -Dfile.encoding=utf8 -Xverify:none -Xmx1G -XX:+UseG1GC -XX:+UseStringDeduplication 
java_command: /home/daichi/.vscode/extensions/redhat.java-0.52.0/server/plugins/org.eclipse.equinox.launcher_1.5.600.v20191014-2022.jar -configuration /home/daichi/.vscode/extensions/redhat.java-0.52.0/server/config_linux -data /home/daichi/.config/Code/User/workspaceStorage/4321f7b2ab92da216b134acaf4683de8/redhat.java/jdt_ws
java_class_path (initial): /home/daichi/.vscode/extensions/redhat.java-0.52.0/server/plugins/org.eclipse.equinox.launcher_1.5.600.v20191014-2022.jar
Launcher Type: SUN_STANDARD

[Global flags]
     bool BytecodeVerificationLocal                = false                                     {product} {command line}
     bool BytecodeVerificationRemote               = false                                     {product} {command line}
     intx CICompilerCount                          = 3                                         {product} {ergonomic}
     uint ConcGCThreads                            = 1                                         {product} {ergonomic}
     uint G1ConcRefinementThreads                  = 4                                         {product} {ergonomic}
   size_t G1HeapRegionSize                         = 1048576                                   {product} {ergonomic}
    uintx GCDrainStackTargetSize                   = 64                                        {product} {ergonomic}
   size_t InitialHeapSize                          = 65011712                                  {product} {ergonomic}
   size_t MarkStackSize                            = 4194304                                   {product} {ergonomic}
   size_t MaxHeapSize                              = 1073741824                                {product} {command line}
   size_t MaxNewSize                               = 643825664                                 {product} {ergonomic}
   size_t MinHeapDeltaBytes                        = 1048576                                   {product} {ergonomic}
    uintx NonNMethodCodeHeapSize                   = 5830092                                {pd product} {ergonomic}
    uintx NonProfiledCodeHeapSize                  = 122914074                              {pd product} {ergonomic}
    uintx ProfiledCodeHeapSize                     = 122914074                              {pd product} {ergonomic}
    uintx ReservedCodeCacheSize                    = 251658240                              {pd product} {ergonomic}
     bool SegmentedCodeCache                       = true                                      {product} {ergonomic}
     bool UseCompressedClassPointers               = true                                 {lp64_product} {ergonomic}
     bool UseCompressedOops                        = true                                 {lp64_product} {ergonomic}
     bool UseG1GC                                  = true                                      {product} {command line}
     bool UseStringDeduplication                   = true                                      {product} {command line}

Logging:
Log output configuration:
 #0: stdout all=warning uptime,level,tags
 #1: stderr all=off uptime,level,tags

Environment Variables:
PATH=/home/daichi/.cargo/bin:/home/daichi/bin:/home/daichi/.local/bin:/home/daichi/.wasmer/bin:/home/daichi/.wasmer/globals/wapm_packages/.bin:/home/daichi/.nimble/bin:/home/daichi/vulkan/x86_64/bin:/home/daichi/.sdkman/candidates/scala/current/bin:/home/daichi/anaconda3/bin:/home/daichi/anaconda3/condabin:/home/daichi/.cargo/bin:/home/daichi/bin:/home/daichi/.local/bin:/usr/local/sbin:/usr/local/bin:/usr/sbin:/usr/bin:/sbin:/bin:/usr/games:/usr/local/games:/snap/bin:/usr/share/node-v10.15.3-linux-x64/bin:/home/daichi/emsdk/upstream/emscripten:/home/daichi/emsdk/:/home/daichi/.cargo/bin:/usr/share/kotlin/bin:/home/daichi/.rubies/ruby-2.6.5/bin:/opt/rubies/mruby-2.0.1/bin
USERNAME=daichi
LD_LIBRARY_PATH=/home/daichi/vulkan/x86_64/lib:
SHELL=/bin/bash
DISPLAY=:0

Signal Handlers:
SIGSEGV: [libjvm.so+0xde5f50], sa_mask[0]=11111111011111111101111111111110, sa_flags=SA_RESTART|SA_SIGINFO
SIGBUS: [libjvm.so+0xde5f50], sa_mask[0]=11111111011111111101111111111110, sa_flags=SA_RESTART|SA_SIGINFO
SIGFPE: [libjvm.so+0xde5f50], sa_mask[0]=11111111011111111101111111111110, sa_flags=SA_RESTART|SA_SIGINFO
SIGPIPE: [libjvm.so+0xbba5b0], sa_mask[0]=11111111011111111101111111111110, sa_flags=SA_RESTART|SA_SIGINFO
SIGXFSZ: [libjvm.so+0xbba5b0], sa_mask[0]=11111111011111111101111111111110, sa_flags=SA_RESTART|SA_SIGINFO
SIGILL: [libjvm.so+0xde5f50], sa_mask[0]=11111111011111111101111111111110, sa_flags=SA_RESTART|SA_SIGINFO
SIGUSR2: [libjvm.so+0xbba450], sa_mask[0]=00000000000000000000000000000000, sa_flags=SA_RESTART|SA_SIGINFO
SIGHUP: [libjvm.so+0xbba7b0], sa_mask[0]=11111111011111111101111111111110, sa_flags=SA_RESTART|SA_SIGINFO
SIGINT: [libjvm.so+0xbba7b0], sa_mask[0]=11111111011111111101111111111110, sa_flags=SA_RESTART|SA_SIGINFO
SIGTERM: [libjvm.so+0xbba7b0], sa_mask[0]=11111111011111111101111111111110, sa_flags=SA_RESTART|SA_SIGINFO
SIGQUIT: [libjvm.so+0xbba7b0], sa_mask[0]=11111111011111111101111111111110, sa_flags=SA_RESTART|SA_SIGINFO


---------------  S Y S T E M  ---------------

OS:DISTRIB_ID=Zorin
DISTRIB_RELEASE=15
DISTRIB_CODENAME=bionic
DISTRIB_DESCRIPTION="Zorin OS 15"
uname:Linux 5.1.15-surface-linux-surface #8 SMP Thu Jun 27 12:03:55 EDT 2019 x86_64
libc:glibc 2.28 NPTL 2.28 
rlimit: STACK 8192k, CORE 0k, NPROC 15212, NOFILE 1048576, AS infinity, DATA infinity, FSIZE infinity
load average:24.94 22.87 12.52

/proc/meminfo:
MemTotal:        3962652 kB
MemFree:          144484 kB
MemAvailable:      83212 kB
Buffers:            2184 kB
Cached:           709836 kB
SwapCached:         2460 kB
Active:          2861388 kB
Inactive:         633224 kB
Active(anon):    2831832 kB
Inactive(anon):   577264 kB
Active(file):      29556 kB
Inactive(file):    55960 kB
Unevictable:       23764 kB
Mlocked:           13680 kB
SwapTotal:       1003516 kB
SwapFree:            640 kB
Dirty:                24 kB
Writeback:             0 kB
AnonPages:       2805512 kB
Mapped:            88292 kB
Shmem:            612476 kB
KReclaimable:      38468 kB
Slab:             120568 kB
SReclaimable:      38468 kB
SUnreclaim:        82100 kB
KernelStack:       20368 kB
PageTables:        94920 kB
NFS_Unstable:          0 kB
Bounce:                0 kB
WritebackTmp:          0 kB
CommitLimit:     2984840 kB
Committed_AS:   15580288 kB
VmallocTotal:   34359738367 kB
VmallocUsed:           0 kB
VmallocChunk:          0 kB
Percpu:             1024 kB
HardwareCorrupted:     0 kB
AnonHugePages:         0 kB
ShmemHugePages:        0 kB
ShmemPmdMapped:        0 kB
CmaTotal:              0 kB
CmaFree:               0 kB
HugePages_Total:       0
HugePages_Free:        0
HugePages_Rsvd:        0
HugePages_Surp:        0
Hugepagesize:       2048 kB
Hugetlb:               0 kB
DirectMap4k:      290492 kB
DirectMap2M:     3827712 kB
DirectMap1G:           0 kB


/proc/sys/kernel/threads-max (system-wide limit on the number of threads):
30424


/proc/sys/vm/max_map_count (maximum number of memory map areas a process may have):
65530


/proc/sys/kernel/pid_max (system-wide limit on number of process identifiers):
32768



container (cgroup) information:
container_type: cgroupv1
cpu_cpuset_cpus: 0-3
cpu_memory_nodes: 0
active_processor_count: 4
cpu_quota: -1
cpu_period: 100000
cpu_shares: -1
memory_limit_in_bytes: -1
memory_and_swap_limit_in_bytes: -2
memory_soft_limit_in_bytes: -1
memory_usage_in_bytes: 3603165184
memory_max_usage_in_bytes: 211296256

Steal ticks since vm start: 0
Steal ticks percentage since vm start:  0.000

CPU:total 4 (initial active 4) (2 cores per cpu, 2 threads per core) family 6 model 142 stepping 9, cmov, cx8, fxsr, mmx, sse, sse2, sse3, ssse3, sse4.1, sse4.2, popcnt, avx, avx2, aes, clmul, erms, 3dnowpref, lzcnt, ht, tsc, tscinvbit, bmi1, bmi2, adx, fma
CPU Model and flags from /proc/cpuinfo:
model name	: Intel(R) Core(TM) m3-7Y30 CPU @ 1.00GHz
flags		: fpu vme de pse tsc msr pae mce cx8 apic sep mtrr pge mca cmov pat pse36 clflush dts acpi mmx fxsr sse sse2 ss ht tm pbe syscall nx pdpe1gb rdtscp lm constant_tsc art arch_perfmon pebs bts rep_good nopl xtopology nonstop_tsc cpuid aperfmperf tsc_known_freq pni pclmulqdq dtes64 monitor ds_cpl vmx est tm2 ssse3 sdbg fma cx16 xtpr pdcm pcid sse4_1 sse4_2 x2apic movbe popcnt tsc_deadline_timer aes xsave avx f16c rdrand lahf_lm abm 3dnowprefetch cpuid_fault epb invpcid_single pti ssbd ibrs ibpb stibp tpr_shadow vnmi flexpriority ept vpid ept_ad fsgsbase tsc_adjust bmi1 avx2 smep bmi2 erms invpcid mpx rdseed adx smap clflushopt intel_pt xsaveopt xsavec xgetbv1 xsaves dtherm ida arat pln pts hwp hwp_notify hwp_act_window hwp_epp md_clear flush_l1d

Memory: 4k page, physical 3962652k(143980k free), swap 1003516k(644k free)

vm_info: OpenJDK 64-Bit Server VM (11.0.4+11-post-Ubuntu-1ubuntu218.04.3) for linux-amd64 JRE (11.0.4+11-post-Ubuntu-1ubuntu218.04.3), built on Jul 18 2019 18:21:46 by "buildd" with gcc 7.4.0

END.
